<?xml version="1.0" encoding="UTF-8"?>
<testsuite name="org.springframework.scheduling.config.ScheduledTasksBeanDefinitionParserTests" tests="6" skipped="0" failures="0" errors="0" timestamp="2019-12-09T02:21:08" hostname="DESKTOP-246NTI5" time="0.079">
  <properties/>
  <testcase name="fixedDelayTasks()" classname="org.springframework.scheduling.config.ScheduledTasksBeanDefinitionParserTests" time="0.017"/>
  <testcase name="triggerTasks()" classname="org.springframework.scheduling.config.ScheduledTasksBeanDefinitionParserTests" time="0.013"/>
  <testcase name="fixedRateTasks()" classname="org.springframework.scheduling.config.ScheduledTasksBeanDefinitionParserTests" time="0.011"/>
  <testcase name="checkTarget()" classname="org.springframework.scheduling.config.ScheduledTasksBeanDefinitionParserTests" time="0.012"/>
  <testcase name="cronTasks()" classname="org.springframework.scheduling.config.ScheduledTasksBeanDefinitionParserTests" time="0.011"/>
  <testcase name="checkScheduler()" classname="org.springframework.scheduling.config.ScheduledTasksBeanDefinitionParserTests" time="0.014"/>
  <system-out><![CDATA[]]></system-out>
  <system-err><![CDATA[]]></system-err>
</testsuite>
