<?xml version="1.0" encoding="UTF-8"?>
<testsuite name="org.springframework.context.annotation.ComponentScanAnnotationIntegrationTests" tests="17" skipped="0" failures="0" errors="0" timestamp="2019-12-09T02:20:31" hostname="DESKTOP-246NTI5" time="0.724">
  <properties/>
  <testcase name="controlScan()" classname="org.springframework.context.annotation.ComponentScanAnnotationIntegrationTests" time="0.014"/>
  <testcase name="withScopedProxy()" classname="org.springframework.context.annotation.ComponentScanAnnotationIntegrationTests" time="0.016"/>
  <testcase name="withScopeResolver()" classname="org.springframework.context.annotation.ComponentScanAnnotationIntegrationTests" time="0.01"/>
  <testcase name="multiComponentScan()" classname="org.springframework.context.annotation.ComponentScanAnnotationIntegrationTests" time="0.015"/>
  <testcase name="withScopedProxyThroughAspectJPattern()" classname="org.springframework.context.annotation.ComponentScanAnnotationIntegrationTests" time="0.101"/>
  <testcase name="withAwareTypeFilter()" classname="org.springframework.context.annotation.ComponentScanAnnotationIntegrationTests" time="0.194"/>
  <testcase name="withCustomBeanNameGenerator()" classname="org.springframework.context.annotation.ComponentScanAnnotationIntegrationTests" time="0.015"/>
  <testcase name="viaContextRegistration_FromPackageOfConfigClass()" classname="org.springframework.context.annotation.ComponentScanAnnotationIntegrationTests" time="0.006"/>
  <testcase name="withMultipleAnnotationIncludeFilters1()" classname="org.springframework.context.annotation.ComponentScanAnnotationIntegrationTests" time="0.013"/>
  <testcase name="withMultipleAnnotationIncludeFilters2()" classname="org.springframework.context.annotation.ComponentScanAnnotationIntegrationTests" time="0.011"/>
  <testcase name="viaContextRegistration()" classname="org.springframework.context.annotation.ComponentScanAnnotationIntegrationTests" time="0.016"/>
  <testcase name="viaContextRegistration_WithComposedAnnotation()" classname="org.springframework.context.annotation.ComponentScanAnnotationIntegrationTests" time="0.009"/>
  <testcase name="withBasePackagesAndValueAlias()" classname="org.springframework.context.annotation.ComponentScanAnnotationIntegrationTests" time="0.017"/>
  <testcase name="withScopedProxyThroughRegex()" classname="org.springframework.context.annotation.ComponentScanAnnotationIntegrationTests" time="0.012"/>
  <testcase name="withCustomTypeFilter()" classname="org.springframework.context.annotation.ComponentScanAnnotationIntegrationTests" time="0.24"/>
  <testcase name="viaBeanRegistration()" classname="org.springframework.context.annotation.ComponentScanAnnotationIntegrationTests" time="0.013"/>
  <testcase name="viaContextRegistration_WithValueAttribute()" classname="org.springframework.context.annotation.ComponentScanAnnotationIntegrationTests" time="0.02"/>
  <system-out><![CDATA[]]></system-out>
  <system-err><![CDATA[]]></system-err>
</testsuite>
