<?xml version="1.0" encoding="UTF-8"?>
<testsuite name="org.springframework.context.annotation.ReflectionUtilsIntegrationTests" tests="1" skipped="0" failures="0" errors="0" timestamp="2019-12-09T02:20:38" hostname="DESKTOP-246NTI5" time="0.003">
  <properties/>
  <testcase name="getUniqueDeclaredMethods_withCovariantReturnType_andCglibRewrittenMethodNames()" classname="org.springframework.context.annotation.ReflectionUtilsIntegrationTests" time="0.003"/>
  <system-out><![CDATA[]]></system-out>
  <system-err><![CDATA[]]></system-err>
</testsuite>
