<?xml version="1.0" encoding="UTF-8"?>
<testsuite name="org.springframework.aop.framework.autoproxy.AutoProxyCreatorTests" tests="10" skipped="0" failures="0" errors="0" timestamp="2019-12-09T02:20:20" hostname="DESKTOP-246NTI5" time="0.058">
  <properties/>
  <testcase name="testCustomAutoProxyCreator()" classname="org.springframework.aop.framework.autoproxy.AutoProxyCreatorTests" time="0.016"/>
  <testcase name="testAutoProxyCreatorWithPackageVisibleMethod()" classname="org.springframework.aop.framework.autoproxy.AutoProxyCreatorTests" time="0.003"/>
  <testcase name="testAutoProxyCreatorWithFactoryBeanAndProxyObjectOnly()" classname="org.springframework.aop.framework.autoproxy.AutoProxyCreatorTests" time="0.007"/>
  <testcase name="testAutoProxyCreatorWithFallbackToTargetClass()" classname="org.springframework.aop.framework.autoproxy.AutoProxyCreatorTests" time="0.001"/>
  <testcase name="testAutoProxyCreatorWithFactoryBeanAndPrototype()" classname="org.springframework.aop.framework.autoproxy.AutoProxyCreatorTests" time="0.009"/>
  <testcase name="testBeanNameAutoProxyCreatorWithFactoryBeanProxy()" classname="org.springframework.aop.framework.autoproxy.AutoProxyCreatorTests" time="0.002"/>
  <testcase name="testBeanNameAutoProxyCreator()" classname="org.springframework.aop.framework.autoproxy.AutoProxyCreatorTests" time="0.004"/>
  <testcase name="testAutoProxyCreatorWithFactoryBeanAndProxyFactoryBeanOnly()" classname="org.springframework.aop.framework.autoproxy.AutoProxyCreatorTests" time="0.001"/>
  <testcase name="testAutoProxyCreatorWithFallbackToDynamicProxy()" classname="org.springframework.aop.framework.autoproxy.AutoProxyCreatorTests" time="0.008"/>
  <testcase name="testAutoProxyCreatorWithFactoryBean()" classname="org.springframework.aop.framework.autoproxy.AutoProxyCreatorTests" time="0.001"/>
  <system-out><![CDATA[]]></system-out>
  <system-err><![CDATA[]]></system-err>
</testsuite>
