<?xml version="1.0" encoding="UTF-8"?>
<testsuite name="org.springframework.aop.framework.adapter.AdvisorAdapterRegistrationTests" tests="2" skipped="0" failures="0" errors="0" timestamp="2019-12-09T02:20:20" hostname="DESKTOP-246NTI5" time="0.03">
  <properties/>
  <testcase name="testAdvisorAdapterRegistrationManagerPresentInContext()" classname="org.springframework.aop.framework.adapter.AdvisorAdapterRegistrationTests" time="0.021"/>
  <testcase name="testAdvisorAdapterRegistrationManagerNotPresentInContext()" classname="org.springframework.aop.framework.adapter.AdvisorAdapterRegistrationTests" time="0.009"/>
  <system-out><![CDATA[]]></system-out>
  <system-err><![CDATA[]]></system-err>
</testsuite>
