<?xml version="1.0" encoding="UTF-8"?>
<testsuite name="org.springframework.jmx.export.PropertyPlaceholderConfigurerTests" tests="2" skipped="0" failures="0" errors="0" timestamp="2019-12-09T02:21:06" hostname="DESKTOP-246NTI5" time="0.01">
  <properties/>
  <testcase name="propertiesReplacedInApplicationContext()" classname="org.springframework.jmx.export.PropertyPlaceholderConfigurerTests" time="0.004"/>
  <testcase name="propertiesCorrectInJmx()" classname="org.springframework.jmx.export.PropertyPlaceholderConfigurerTests" time="0.005"/>
  <system-out><![CDATA[]]></system-out>
  <system-err><![CDATA[]]></system-err>
</testsuite>
