<?xml version="1.0" encoding="UTF-8"?>
<testsuite name="org.springframework.context.event.LifecycleEventTests" tests="2" skipped="0" failures="0" errors="0" timestamp="2019-12-09T02:20:40" hostname="DESKTOP-246NTI5" time="0.003">
  <properties/>
  <testcase name="contextStoppedEvent()" classname="org.springframework.context.event.LifecycleEventTests" time="0.002"/>
  <testcase name="contextStartedEvent()" classname="org.springframework.context.event.LifecycleEventTests" time="0.001"/>
  <system-out><![CDATA[]]></system-out>
  <system-err><![CDATA[]]></system-err>
</testsuite>
