<?xml version="1.0" encoding="UTF-8"?>
<testsuite name="org.springframework.context.support.PropertyResourceConfigurerIntegrationTests" tests="7" skipped="0" failures="0" errors="0" timestamp="2019-12-09T02:20:46" hostname="DESKTOP-246NTI5" time="0.032">
  <properties/>
  <testcase name="testPropertyPlaceholderConfigurerWithSystemPropertyInLocation()" classname="org.springframework.context.support.PropertyResourceConfigurerIntegrationTests" time="0.013"/>
  <testcase name="testPropertyPlaceholderConfigurerWithMultiLevelCircularReference()" classname="org.springframework.context.support.PropertyResourceConfigurerIntegrationTests" time="0.002"/>
  <testcase name="testPropertyPlaceholderConfigurerWithSystemPropertiesInLocation()" classname="org.springframework.context.support.PropertyResourceConfigurerIntegrationTests" time="0.01"/>
  <testcase name="testPropertyPlaceholderConfigurerWithNestedCircularReference()" classname="org.springframework.context.support.PropertyResourceConfigurerIntegrationTests" time="0.001"/>
  <testcase name="testPropertyPlaceholderConfigurerWithNestedUnresolvableReference()" classname="org.springframework.context.support.PropertyResourceConfigurerIntegrationTests" time="0.002"/>
  <testcase name="testPropertyPlaceholderConfigurerWithUnresolvableSystemPropertiesInLocation()" classname="org.springframework.context.support.PropertyResourceConfigurerIntegrationTests" time="0.001"/>
  <testcase name="testPropertyPlaceholderConfigurerWithValueFromSystemProperty()" classname="org.springframework.context.support.PropertyResourceConfigurerIntegrationTests" time="0.001"/>
  <system-out><![CDATA[10:20:46.363 [Test worker] WARN  o.s.c.s.StaticApplicationContext - Exception encountered during context initialization - cancelling refresh attempt: org.springframework.beans.factory.BeanInitializationException: Could not load properties; nested exception is java.io.FileNotFoundException: class path resource [E:/004_project/Git/spring-framework-5.2.2.RELEASE/spring-context/test] cannot be opened because it does not exist
10:20:46.365 [Test worker] WARN  o.s.c.s.StaticApplicationContext - Exception encountered during context initialization - cancelling refresh attempt: org.springframework.beans.factory.BeanDefinitionStoreException: Invalid bean definition with name 'tb1' defined in null: Circular placeholder reference 'var' in property definitions; nested exception is java.lang.IllegalArgumentException: Circular placeholder reference 'var' in property definitions
10:20:46.375 [Test worker] WARN  o.s.c.s.StaticApplicationContext - Exception encountered during context initialization - cancelling refresh attempt: org.springframework.beans.factory.BeanInitializationException: Could not load properties; nested exception is java.io.FileNotFoundException: class path resource [E:/004_project/Git/spring-framework-5.2.2.RELEASE/spring-context/test/E:/004_project/Git/spring-framework-5.2.2.RELEASE/spring-context] cannot be opened because it does not exist
10:20:46.377 [Test worker] WARN  o.s.c.s.StaticApplicationContext - Exception encountered during context initialization - cancelling refresh attempt: org.springframework.beans.factory.BeanDefinitionStoreException: Invalid bean definition with name 'tb1' defined in null: Circular placeholder reference 'm' in property definitions; nested exception is java.lang.IllegalArgumentException: Circular placeholder reference 'm' in property definitions
10:20:46.379 [Test worker] WARN  o.s.c.s.StaticApplicationContext - Exception encountered during context initialization - cancelling refresh attempt: org.springframework.beans.factory.BeanDefinitionStoreException: Invalid bean definition with name 'tb1' defined in null: Could not resolve placeholder 'm2' in value "${m2}"; nested exception is java.lang.IllegalArgumentException: Could not resolve placeholder 'm2' in value "${m2}"
10:20:46.381 [Test worker] WARN  o.s.c.s.StaticApplicationContext - Exception encountered during context initialization - cancelling refresh attempt: org.springframework.beans.factory.BeanInitializationException: Could not load properties; nested exception is java.io.FileNotFoundException: class path resource [${myprop}/test/${myprop}] cannot be opened because it does not exist
]]></system-out>
  <system-err><![CDATA[]]></system-err>
</testsuite>
