<?xml version="1.0" encoding="UTF-8"?>
<testsuite name="org.springframework.context.expression.AnnotatedElementKeyTests" tests="4" skipped="0" failures="0" errors="0" timestamp="2019-12-09T02:20:40" hostname="DESKTOP-246NTI5" time="0.005">
  <properties/>
  <testcase name="equals()" classname="org.springframework.context.expression.AnnotatedElementKeyTests" time="0.004"/>
  <testcase name="noTargetClassNotEquals()" classname="org.springframework.context.expression.AnnotatedElementKeyTests" time="0.0"/>
  <testcase name="sameInstanceEquals()" classname="org.springframework.context.expression.AnnotatedElementKeyTests" time="0.001"/>
  <testcase name="equalsNoTarget()" classname="org.springframework.context.expression.AnnotatedElementKeyTests" time="0.0"/>
  <system-out><![CDATA[]]></system-out>
  <system-err><![CDATA[]]></system-err>
</testsuite>
