<?xml version="1.0" encoding="UTF-8"?>
<testsuite name="org.springframework.aop.aspectj.TargetPointcutSelectionTests" tests="2" skipped="0" failures="0" errors="0" timestamp="2019-12-09T02:20:19" hostname="DESKTOP-246NTI5" time="0.032">
  <properties/>
  <testcase name="targetSelectionForMatchedType()" classname="org.springframework.aop.aspectj.TargetPointcutSelectionTests" time="0.016"/>
  <testcase name="targetNonSelectionForMismatchedType()" classname="org.springframework.aop.aspectj.TargetPointcutSelectionTests" time="0.015"/>
  <system-out><![CDATA[]]></system-out>
  <system-err><![CDATA[]]></system-err>
</testsuite>
