<?xml version="1.0" encoding="UTF-8"?>
<testsuite name="org.springframework.jmx.export.naming.PropertiesFileNamingStrategyTests" tests="1" skipped="0" failures="0" errors="0" timestamp="2019-12-09T02:21:06" hostname="DESKTOP-246NTI5" time="0.001">
  <properties/>
  <testcase name="naming()" classname="org.springframework.jmx.export.naming.PropertiesFileNamingStrategyTests" time="0.001"/>
  <system-out><![CDATA[]]></system-out>
  <system-err><![CDATA[]]></system-err>
</testsuite>
