<?xml version="1.0" encoding="UTF-8"?>
<testsuite name="org.springframework.scripting.bsh.BshScriptFactoryTests" tests="18" skipped="0" failures="0" errors="0" timestamp="2019-12-09T02:21:09" hostname="DESKTOP-246NTI5" time="2.899">
  <properties/>
  <testcase name="scriptCompilationException()" classname="org.springframework.scripting.bsh.BshScriptFactoryTests" time="0.052"/>
  <testcase name="scriptThatCompilesButIsJustPlainBad()" classname="org.springframework.scripting.bsh.BshScriptFactoryTests" time="0.039"/>
  <testcase name="staticPrototypeScript()" classname="org.springframework.scripting.bsh.BshScriptFactoryTests" time="0.402"/>
  <testcase name="resourceScriptFromTag()" classname="org.springframework.scripting.bsh.BshScriptFactoryTests" time="0.207"/>
  <testcase name="prototypeScriptFromTag()" classname="org.springframework.scripting.bsh.BshScriptFactoryTests" time="0.214"/>
  <testcase name="staticScriptWithNullReturnValue()" classname="org.springframework.scripting.bsh.BshScriptFactoryTests" time="0.17"/>
  <testcase name="staticWithScriptReturningInstance()" classname="org.springframework.scripting.bsh.BshScriptFactoryTests" time="0.167"/>
  <testcase name="staticScriptWithTwoInterfacesSpecified()" classname="org.springframework.scripting.bsh.BshScriptFactoryTests" time="0.171"/>
  <testcase name="staticScriptImplementingInterface()" classname="org.springframework.scripting.bsh.BshScriptFactoryTests" time="0.192"/>
  <testcase name="inlineScriptFromTag()" classname="org.springframework.scripting.bsh.BshScriptFactoryTests" time="0.19"/>
  <testcase name="ctorWithWhitespacedScriptSourceLocator()" classname="org.springframework.scripting.bsh.BshScriptFactoryTests" time="0.001"/>
  <testcase name="ctorWithNullScriptSourceLocator()" classname="org.springframework.scripting.bsh.BshScriptFactoryTests" time="0.0"/>
  <testcase name="applicationEventListener()" classname="org.springframework.scripting.bsh.BshScriptFactoryTests" time="0.163"/>
  <testcase name="staticScript()" classname="org.springframework.scripting.bsh.BshScriptFactoryTests" time="0.174"/>
  <testcase name="refreshableFromTag()" classname="org.springframework.scripting.bsh.BshScriptFactoryTests" time="0.187"/>
  <testcase name="ctorWithEmptyScriptSourceLocator()" classname="org.springframework.scripting.bsh.BshScriptFactoryTests" time="0.001"/>
  <testcase name="nonStaticScript()" classname="org.springframework.scripting.bsh.BshScriptFactoryTests" time="0.518"/>
  <testcase name="nonStaticPrototypeScript()" classname="org.springframework.scripting.bsh.BshScriptFactoryTests" time="0.049"/>
  <system-out><![CDATA[10:21:09.140 [Test worker] WARN  o.s.c.s.ClassPathXmlApplicationContext - Exception encountered during context initialization - cancelling refresh attempt: org.springframework.beans.factory.BeanCreationException: Error creating bean with name 'broken' defined in class path resource [org/springframework/scripting/bsh/bshBrokenContext.xml]: BeanPostProcessor before instantiation of bean failed; nested exception is org.springframework.beans.factory.BeanCreationException: Error creating bean with name 'scriptedObject.broken' defined in class path resource [org/springframework/scripting/bsh/bshBrokenContext.xml]: Bean instantiation via factory method failed; nested exception is org.springframework.beans.BeanInstantiationException: Failed to instantiate [java.lang.Object]: Factory method 'getScriptedObject' threw exception; nested exception is org.springframework.scripting.ScriptCompilationException: Could not compile class path resource [org/springframework/scripting/bsh/Broken.bsh]; nested exception is In file: inline evaluation of: ``one sure is the loneliest number... that i'll ever know;'' Encountered "is" at line 1, column 10.

org.springframework.context.event.ContextRefreshedEvent[source=org.springframework.context.support.ClassPathXmlApplicationContext@1e341b68, started on Mon Dec 09 10:21:09 CST 2019]
org.springframework.context.event.ContextClosedEvent[source=org.springframework.context.support.ClassPathXmlApplicationContext@1e341b68, started on Mon Dec 09 10:21:09 CST 2019]
org.springframework.context.event.ContextRefreshedEvent[source=org.springframework.context.support.ClassPathXmlApplicationContext@4dc67857, started on Mon Dec 09 10:21:09 CST 2019]
org.springframework.context.event.ContextRefreshedEvent[source=org.springframework.context.support.ClassPathXmlApplicationContext@defb056, started on Mon Dec 09 10:21:10 CST 2019]
org.springframework.context.event.ContextRefreshedEvent[source=org.springframework.context.support.ClassPathXmlApplicationContext@2e458add, started on Mon Dec 09 10:21:10 CST 2019]
org.springframework.scripting.bsh.BshScriptFactoryTests$MyEvent[source=org.springframework.context.support.ClassPathXmlApplicationContext@2e458add, started on Mon Dec 09 10:21:10 CST 2019]
org.springframework.context.event.ContextRefreshedEvent[source=org.springframework.context.support.ClassPathXmlApplicationContext@537a5abd, started on Mon Dec 09 10:21:11 CST 2019]
]]></system-out>
  <system-err><![CDATA[Dez 09, 2019 10:21:09 AM ClientIntermediary close
INFORMATION: java.io.IOException: The connection is not currently established.
java.io.IOException: The connection is not currently established.
	at com.sun.jmx.remote.generic.ClientSynchroMessageConnectionImpl.checkState(ClientSynchroMessageConnectionImpl.java:617)
	at com.sun.jmx.remote.generic.ClientSynchroMessageConnectionImpl.sendOneWay(ClientSynchroMessageConnectionImpl.java:202)
	at javax.management.remote.generic.GenericConnector.close(GenericConnector.java:300)
	at javax.management.remote.generic.GenericConnector.close(GenericConnector.java:271)
	at javax.management.remote.generic.ClientIntermediary$GenericClientCommunicatorAdmin.doStop(ClientIntermediary.java:897)
	at com.sun.jmx.remote.opt.internal.ClientCommunicatorAdmin.restart(ClientCommunicatorAdmin.java:172)
	at com.sun.jmx.remote.opt.internal.ClientCommunicatorAdmin.gotIOException(ClientCommunicatorAdmin.java:73)
	at javax.management.remote.generic.GenericConnector$RequestHandler.execute(GenericConnector.java:662)
	at com.sun.jmx.remote.generic.ClientSynchroMessageConnectionImpl$RemoteJob.run(ClientSynchroMessageConnectionImpl.java:568)
	at com.sun.jmx.remote.opt.util.ThreadService$ThreadServiceJob.run(ThreadService.java:248)
	at com.sun.jmx.remote.opt.util.JobExecutor.run(JobExecutor.java:99)

Dez 09, 2019 10:21:09 AM ClientIntermediary close
INFORMATION: java.io.IOException: The connection is not currently established.
java.io.IOException: The connection is not currently established.
	at com.sun.jmx.remote.generic.ClientSynchroMessageConnectionImpl.checkState(ClientSynchroMessageConnectionImpl.java:617)
	at com.sun.jmx.remote.generic.ClientSynchroMessageConnectionImpl.sendOneWay(ClientSynchroMessageConnectionImpl.java:202)
	at javax.management.remote.generic.GenericConnector.close(GenericConnector.java:300)
	at javax.management.remote.generic.GenericConnector.close(GenericConnector.java:271)
	at javax.management.remote.generic.ClientIntermediary$GenericClientCommunicatorAdmin.doStop(ClientIntermediary.java:897)
	at com.sun.jmx.remote.opt.internal.ClientCommunicatorAdmin.restart(ClientCommunicatorAdmin.java:172)
	at com.sun.jmx.remote.opt.internal.ClientCommunicatorAdmin.gotIOException(ClientCommunicatorAdmin.java:73)
	at javax.management.remote.generic.GenericConnector$RequestHandler.execute(GenericConnector.java:662)
	at com.sun.jmx.remote.generic.ClientSynchroMessageConnectionImpl$RemoteJob.run(ClientSynchroMessageConnectionImpl.java:568)
	at com.sun.jmx.remote.opt.util.ThreadService$ThreadServiceJob.run(ThreadService.java:248)
	at com.sun.jmx.remote.opt.util.JobExecutor.run(JobExecutor.java:99)

]]></system-err>
</testsuite>
