<?xml version="1.0" encoding="UTF-8"?>
<testsuite name="org.springframework.context.annotation.DestroyMethodInferenceTests" tests="2" skipped="0" failures="0" errors="0" timestamp="2019-12-09T02:20:36" hostname="DESKTOP-246NTI5" time="0.022">
  <properties/>
  <testcase name="beanMethods()" classname="org.springframework.context.annotation.DestroyMethodInferenceTests" time="0.011"/>
  <testcase name="xml()" classname="org.springframework.context.annotation.DestroyMethodInferenceTests" time="0.011"/>
  <system-out><![CDATA[]]></system-out>
  <system-err><![CDATA[]]></system-err>
</testsuite>
