<?xml version="1.0" encoding="UTF-8"?>
<testsuite name="org.springframework.cache.config.CustomInterceptorTests" tests="3" skipped="0" failures="0" errors="0" timestamp="2019-12-09T02:20:28" hostname="DESKTOP-246NTI5" time="0.053">
  <properties/>
  <testcase name="customInterceptorAppliesWithCheckedException()" classname="org.springframework.cache.config.CustomInterceptorTests" time="0.025"/>
  <testcase name="customInterceptorAppliesWithRuntimeException()" classname="org.springframework.cache.config.CustomInterceptorTests" time="0.014"/>
  <testcase name="onlyOneInterceptorIsAvailable()" classname="org.springframework.cache.config.CustomInterceptorTests" time="0.014"/>
  <system-out><![CDATA[]]></system-out>
  <system-err><![CDATA[]]></system-err>
</testsuite>
