<?xml version="1.0" encoding="UTF-8"?>
<testsuite name="org.springframework.context.annotation.ComponentScanParserScopedProxyTests" tests="5" skipped="0" failures="0" errors="0" timestamp="2019-12-09T02:20:34" hostname="DESKTOP-246NTI5" time="0.098">
  <properties/>
  <testcase name="testDefaultScopedProxy()" classname="org.springframework.context.annotation.ComponentScanParserScopedProxyTests" time="0.022"/>
  <testcase name="testTargetClassScopedProxy()" classname="org.springframework.context.annotation.ComponentScanParserScopedProxyTests" time="0.029"/>
  <testcase name="testInterfacesScopedProxy()" classname="org.springframework.context.annotation.ComponentScanParserScopedProxyTests" time="0.017"/>
  <testcase name="testNoScopedProxy()" classname="org.springframework.context.annotation.ComponentScanParserScopedProxyTests" time="0.02"/>
  <testcase name="testInvalidConfigScopedProxy()" classname="org.springframework.context.annotation.ComponentScanParserScopedProxyTests" time="0.01"/>
  <system-out><![CDATA[]]></system-out>
  <system-err><![CDATA[]]></system-err>
</testsuite>
