<?xml version="1.0" encoding="UTF-8"?>
<testsuite name="org.springframework.context.annotation.InvalidConfigurationClassDefinitionTests" tests="1" skipped="0" failures="0" errors="0" timestamp="2019-12-09T02:20:38" hostname="DESKTOP-246NTI5" time="0.001">
  <properties/>
  <testcase name="configurationClassesMayNotBeFinal()" classname="org.springframework.context.annotation.InvalidConfigurationClassDefinitionTests" time="0.001"/>
  <system-out><![CDATA[]]></system-out>
  <system-err><![CDATA[]]></system-err>
</testsuite>
