<?xml version="1.0" encoding="UTF-8"?>
<testsuite name="org.springframework.jmx.support.ConnectorServerFactoryBeanTests" tests="4" skipped="0" failures="0" errors="0" timestamp="2019-12-09T02:21:06" hostname="DESKTOP-246NTI5" time="0.035">
  <properties/>
  <testcase name="startupWithSuppliedServer()" classname="org.springframework.jmx.support.ConnectorServerFactoryBeanTests" time="0.023"/>
  <testcase name="noRegisterWithMBeanServer()" classname="org.springframework.jmx.support.ConnectorServerFactoryBeanTests" time="0.003"/>
  <testcase name="registerWithMBeanServer()" classname="org.springframework.jmx.support.ConnectorServerFactoryBeanTests" time="0.003"/>
  <testcase name="startupWithLocatedServer()" classname="org.springframework.jmx.support.ConnectorServerFactoryBeanTests" time="0.006"/>
  <system-out><![CDATA[]]></system-out>
  <system-err><![CDATA[]]></system-err>
</testsuite>
