<?xml version="1.0" encoding="UTF-8"?>
<testsuite name="org.springframework.cache.interceptor.CacheProxyFactoryBeanTests" tests="1" skipped="0" failures="0" errors="0" timestamp="2019-12-09T02:20:30" hostname="DESKTOP-246NTI5" time="0.023">
  <properties/>
  <testcase name="configurationClassWithCacheProxyFactoryBean()" classname="org.springframework.cache.interceptor.CacheProxyFactoryBeanTests" time="0.023"/>
  <system-out><![CDATA[]]></system-out>
  <system-err><![CDATA[]]></system-err>
</testsuite>
