<?xml version="1.0" encoding="UTF-8"?>
<testsuite name="org.springframework.jmx.export.assembler.MethodNameBasedMBeanInfoAssemblerMappedTests" tests="16" skipped="0" failures="0" errors="0" timestamp="2019-12-09T02:21:06" hostname="DESKTOP-246NTI5" time="0.088">
  <properties/>
  <testcase name="testDescriptionNotNull()" classname="org.springframework.jmx.export.assembler.MethodNameBasedMBeanInfoAssemblerMappedTests" time="0.016"/>
  <testcase name="testGetMBeanAttributeInfo()" classname="org.springframework.jmx.export.assembler.MethodNameBasedMBeanInfoAssemblerMappedTests" time="0.004"/>
  <testcase name="testSetAttribute()" classname="org.springframework.jmx.export.assembler.MethodNameBasedMBeanInfoAssemblerMappedTests" time="0.004"/>
  <testcase name="testAttributeInfoHasDescriptors()" classname="org.springframework.jmx.export.assembler.MethodNameBasedMBeanInfoAssemblerMappedTests" time="0.004"/>
  <testcase name="testGetMBeanInfo()" classname="org.springframework.jmx.export.assembler.MethodNameBasedMBeanInfoAssemblerMappedTests" time="0.004"/>
  <testcase name="testGetMBeanOperationInfo()" classname="org.springframework.jmx.export.assembler.MethodNameBasedMBeanInfoAssemblerMappedTests" time="0.004"/>
  <testcase name="testRegisterOperations()" classname="org.springframework.jmx.export.assembler.MethodNameBasedMBeanInfoAssemblerMappedTests" time="0.004"/>
  <testcase name="testRegisterAttributes()" classname="org.springframework.jmx.export.assembler.MethodNameBasedMBeanInfoAssemblerMappedTests" time="0.005"/>
  <testcase name="testNotificationMetadata()" classname="org.springframework.jmx.export.assembler.MethodNameBasedMBeanInfoAssemblerMappedTests" time="0.004"/>
  <testcase name="testAttributeHasCorrespondingOperations()" classname="org.springframework.jmx.export.assembler.MethodNameBasedMBeanInfoAssemblerMappedTests" time="0.003"/>
  <testcase name="testMBeanRegistration()" classname="org.springframework.jmx.export.assembler.MethodNameBasedMBeanInfoAssemblerMappedTests" time="0.005"/>
  <testcase name="testGetAttribute()" classname="org.springframework.jmx.export.assembler.MethodNameBasedMBeanInfoAssemblerMappedTests" time="0.005"/>
  <testcase name="testOperationInvocation()" classname="org.springframework.jmx.export.assembler.MethodNameBasedMBeanInfoAssemblerMappedTests" time="0.006"/>
  <testcase name="testGetAgeIsReadOnly()" classname="org.springframework.jmx.export.assembler.MethodNameBasedMBeanInfoAssemblerMappedTests" time="0.005"/>
  <testcase name="testNickNameIsExposed()" classname="org.springframework.jmx.export.assembler.MethodNameBasedMBeanInfoAssemblerMappedTests" time="0.005"/>
  <testcase name="testWithFallThrough()" classname="org.springframework.jmx.export.assembler.MethodNameBasedMBeanInfoAssemblerMappedTests" time="0.005"/>
  <system-out><![CDATA[]]></system-out>
  <system-err><![CDATA[]]></system-err>
</testsuite>
