<?xml version="1.0" encoding="UTF-8"?>
<testsuite name="org.springframework.context.annotation.configuration.Spr7167Tests" tests="1" skipped="0" failures="0" errors="0" timestamp="2019-12-09T02:20:36" hostname="DESKTOP-246NTI5" time="0.005">
  <properties/>
  <testcase name="test()" classname="org.springframework.context.annotation.configuration.Spr7167Tests" time="0.005"/>
  <system-out><![CDATA[]]></system-out>
  <system-err><![CDATA[]]></system-err>
</testsuite>
