<?xml version="1.0" encoding="UTF-8"?>
<testsuite name="org.springframework.context.annotation.AnnotationScopeMetadataResolverTests" tests="9" skipped="0" failures="0" errors="0" timestamp="2019-12-09T02:20:30" hostname="DESKTOP-246NTI5" time="0.013">
  <properties/>
  <testcase name="customRequestScopeViaAsm()" classname="org.springframework.context.annotation.AnnotationScopeMetadataResolverTests" time="0.001"/>
  <testcase name="customRequestScopeWithAttributeViaAsm()" classname="org.springframework.context.annotation.AnnotationScopeMetadataResolverTests" time="0.002"/>
  <testcase name="customRequestScope()" classname="org.springframework.context.annotation.AnnotationScopeMetadataResolverTests" time="0.001"/>
  <testcase name="resolveScopeMetadataShouldNotApplyScopedProxyModeToSingleton()" classname="org.springframework.context.annotation.AnnotationScopeMetadataResolverTests" time="0.0"/>
  <testcase name="resolveScopeMetadataShouldReadScopedProxyModeFromAnnotation()" classname="org.springframework.context.annotation.AnnotationScopeMetadataResolverTests" time="0.0"/>
  <testcase name="setScopeAnnotationTypeWithNullType()" classname="org.springframework.context.annotation.AnnotationScopeMetadataResolverTests" time="0.0"/>
  <testcase name="ctorWithNullScopedProxyMode()" classname="org.springframework.context.annotation.AnnotationScopeMetadataResolverTests" time="0.005"/>
  <testcase name="resolveScopeMetadataShouldApplyScopedProxyModeToPrototype()" classname="org.springframework.context.annotation.AnnotationScopeMetadataResolverTests" time="0.0"/>
  <testcase name="customRequestScopeWithAttribute()" classname="org.springframework.context.annotation.AnnotationScopeMetadataResolverTests" time="0.001"/>
  <system-out><![CDATA[]]></system-out>
  <system-err><![CDATA[]]></system-err>
</testsuite>
