<?xml version="1.0" encoding="UTF-8"?>
<testsuite name="org.springframework.context.support.EnvironmentSecurityManagerIntegrationTests" tests="2" skipped="0" failures="0" errors="0" timestamp="2019-12-09T02:20:46" hostname="DESKTOP-246NTI5" time="0.142">
  <properties/>
  <testcase name="securityManagerDisallowsAccessToSystemEnvironmentAndDisallowsAccessToIndividualKey()" classname="org.springframework.context.support.EnvironmentSecurityManagerIntegrationTests" time="0.139"/>
  <testcase name="securityManagerDisallowsAccessToSystemEnvironmentButAllowsAccessToIndividualKeys()" classname="org.springframework.context.support.EnvironmentSecurityManagerIntegrationTests" time="0.002"/>
  <system-out><![CDATA[]]></system-out>
  <system-err><![CDATA[]]></system-err>
</testsuite>
