<?xml version="1.0" encoding="UTF-8"?>
<testsuite name="org.springframework.aop.scope.ScopedProxyTests" tests="5" skipped="0" failures="0" errors="0" timestamp="2019-12-09T02:20:22" hostname="DESKTOP-246NTI5" time="0.164">
  <properties/>
  <testcase name="testSimpleProxy()" classname="org.springframework.aop.scope.ScopedProxyTests" time="0.03"/>
  <testcase name="testJdkScopedProxy()" classname="org.springframework.aop.scope.ScopedProxyTests" time="0.019"/>
  <testcase name="testProxyAssignable()" classname="org.springframework.aop.scope.ScopedProxyTests" time="0.013"/>
  <testcase name="testCglibScopedProxy()" classname="org.springframework.aop.scope.ScopedProxyTests" time="0.041"/>
  <testcase name="testScopedOverride()" classname="org.springframework.aop.scope.ScopedProxyTests" time="0.061"/>
  <system-out><![CDATA[]]></system-out>
  <system-err><![CDATA[]]></system-err>
</testsuite>
