<?xml version="1.0" encoding="UTF-8"?>
<testsuite name="org.springframework.aop.aspectj.ProceedTests" tests="4" skipped="0" failures="0" errors="0" timestamp="2019-12-09T02:20:19" hostname="DESKTOP-246NTI5" time="0.078">
  <properties/>
  <testcase name="testProceedWithArgsInSameAspect()" classname="org.springframework.aop.aspectj.ProceedTests" time="0.027"/>
  <testcase name="testGetArgsIsDefensive()" classname="org.springframework.aop.aspectj.ProceedTests" time="0.017"/>
  <testcase name="testProceedWithArgsAcrossAspects()" classname="org.springframework.aop.aspectj.ProceedTests" time="0.015"/>
  <testcase name="testSimpleProceedWithChangedArgs()" classname="org.springframework.aop.aspectj.ProceedTests" time="0.019"/>
  <system-out><![CDATA[]]></system-out>
  <system-err><![CDATA[]]></system-err>
</testsuite>
