<?xml version="1.0" encoding="UTF-8"?>
<testsuite name="org.springframework.context.groovy.GroovyApplicationContextDynamicBeanPropertyTests" tests="2" skipped="0" failures="0" errors="0" timestamp="2019-12-09T02:21:20" hostname="DESKTOP-246NTI5" time="0.079">
  <properties/>
  <testcase name="testAccessDynamicBeanProperties()" classname="org.springframework.context.groovy.GroovyApplicationContextDynamicBeanPropertyTests" time="0.045"/>
  <testcase name="testAccessingNonExistentBeanViaDynamicProperty()" classname="org.springframework.context.groovy.GroovyApplicationContextDynamicBeanPropertyTests" time="0.034"/>
  <system-out><![CDATA[]]></system-out>
  <system-err><![CDATA[]]></system-err>
</testsuite>
