<?xml version="1.0" encoding="UTF-8"?>
<testsuite name="org.springframework.context.annotation.ImportAwareTests" tests="9" skipped="0" failures="0" errors="0" timestamp="2019-12-09T02:20:37" hostname="DESKTOP-246NTI5" time="0.066">
  <properties/>
  <testcase name="directlyAnnotatedWithImport()" classname="org.springframework.context.annotation.ImportAwareTests" time="0.016"/>
  <testcase name="metadataFromImportsTwoThenOne()" classname="org.springframework.context.annotation.ImportAwareTests" time="0.006"/>
  <testcase name="indirectlyAnnotatedWithImport()" classname="org.springframework.context.annotation.ImportAwareTests" time="0.005"/>
  <testcase name="metadataFromImportsOneThenThree()" classname="org.springframework.context.annotation.ImportAwareTests" time="0.005"/>
  <testcase name="directlyAnnotatedWithImportLite()" classname="org.springframework.context.annotation.ImportAwareTests" time="0.007"/>
  <testcase name="importAwareWithAnnotationAttributes()" classname="org.springframework.context.annotation.ImportAwareTests" time="0.008"/>
  <testcase name="importRegistrar()" classname="org.springframework.context.annotation.ImportAwareTests" time="0.007"/>
  <testcase name="importRegistrarWithImport()" classname="org.springframework.context.annotation.ImportAwareTests" time="0.007"/>
  <testcase name="metadataFromImportsOneThenTwo()" classname="org.springframework.context.annotation.ImportAwareTests" time="0.003"/>
  <system-out><![CDATA[]]></system-out>
  <system-err><![CDATA[]]></system-err>
</testsuite>
