<?xml version="1.0" encoding="UTF-8"?>
<testsuite name="org.springframework.context.annotation.configuration.BeanMethodQualificationTests" tests="8" skipped="0" failures="0" errors="0" timestamp="2019-12-09T02:20:35" hostname="DESKTOP-246NTI5" time="0.058">
  <properties/>
  <testcase name="testCustomWithLazyResolution()" classname="org.springframework.context.annotation.configuration.BeanMethodQualificationTests" time="0.012"/>
  <testcase name="testCustomWithAttributeOverride()" classname="org.springframework.context.annotation.configuration.BeanMethodQualificationTests" time="0.007"/>
  <testcase name="testCustomWithEarlyResolution()" classname="org.springframework.context.annotation.configuration.BeanMethodQualificationTests" time="0.004"/>
  <testcase name="testBeanNamesForAnnotation()" classname="org.springframework.context.annotation.configuration.BeanMethodQualificationTests" time="0.008"/>
  <testcase name="testCustomWithAsm()" classname="org.springframework.context.annotation.configuration.BeanMethodQualificationTests" time="0.005"/>
  <testcase name="testScoped()" classname="org.springframework.context.annotation.configuration.BeanMethodQualificationTests" time="0.007"/>
  <testcase name="testStandard()" classname="org.springframework.context.annotation.configuration.BeanMethodQualificationTests" time="0.004"/>
  <testcase name="testScopedProxy()" classname="org.springframework.context.annotation.configuration.BeanMethodQualificationTests" time="0.011"/>
  <system-out><![CDATA[]]></system-out>
  <system-err><![CDATA[]]></system-err>
</testsuite>
