<?xml version="1.0" encoding="UTF-8"?>
<testsuite name="org.springframework.context.annotation.Spr11202Tests" tests="2" skipped="0" failures="0" errors="0" timestamp="2019-12-09T02:20:38" hostname="DESKTOP-246NTI5" time="0.015">
  <properties/>
  <testcase name="testWithImporter()" classname="org.springframework.context.annotation.Spr11202Tests" time="0.011"/>
  <testcase name="testWithoutImporter()" classname="org.springframework.context.annotation.Spr11202Tests" time="0.004"/>
  <system-out><![CDATA[]]></system-out>
  <system-err><![CDATA[]]></system-err>
</testsuite>
