<?xml version="1.0" encoding="UTF-8"?>
<testsuite name="org.springframework.cache.config.ExpressionCachingIntegrationTests" tests="1" skipped="0" failures="0" errors="0" timestamp="2019-12-09T02:20:29" hostname="DESKTOP-246NTI5" time="0.017">
  <properties/>
  <testcase name="expressionIsCacheBasedOnActualMethod()" classname="org.springframework.cache.config.ExpressionCachingIntegrationTests" time="0.017"/>
  <system-out><![CDATA[]]></system-out>
  <system-err><![CDATA[]]></system-err>
</testsuite>
