<?xml version="1.0" encoding="UTF-8"?>
<testsuite name="org.springframework.scheduling.concurrent.ThreadPoolTaskExecutorTests" tests="14" skipped="0" failures="0" errors="0" timestamp="2019-12-09T02:21:07" hostname="DESKTOP-246NTI5" time="0.136">
  <properties/>
  <testcase name="submitCallableWithGetAfterShutdown()" classname="org.springframework.scheduling.concurrent.ThreadPoolTaskExecutorTests" time="0.011"/>
  <testcase name="submitListenableCallableWithGetAfterShutdown()" classname="org.springframework.scheduling.concurrent.ThreadPoolTaskExecutorTests" time="0.001"/>
  <testcase name="submitListenableCallable()" classname="org.springframework.scheduling.concurrent.ThreadPoolTaskExecutorTests" time="0.012"/>
  <testcase name="executeRunnable()" classname="org.springframework.scheduling.concurrent.ThreadPoolTaskExecutorTests" time="0.011"/>
  <testcase name="submitListenableRunnable()" classname="org.springframework.scheduling.concurrent.ThreadPoolTaskExecutorTests" time="0.011"/>
  <testcase name="submitFailingCallable()" classname="org.springframework.scheduling.concurrent.ThreadPoolTaskExecutorTests" time="0.011"/>
  <testcase name="submitCallable()" classname="org.springframework.scheduling.concurrent.ThreadPoolTaskExecutorTests" time="0.013"/>
  <testcase name="submitFailingListenableCallable()" classname="org.springframework.scheduling.concurrent.ThreadPoolTaskExecutorTests" time="0.013"/>
  <testcase name="submitRunnableWithGetAfterShutdown()" classname="org.springframework.scheduling.concurrent.ThreadPoolTaskExecutorTests" time="0.001"/>
  <testcase name="submitListenableRunnableWithGetAfterShutdown()" classname="org.springframework.scheduling.concurrent.ThreadPoolTaskExecutorTests" time="0.012"/>
  <testcase name="submitFailingRunnable()" classname="org.springframework.scheduling.concurrent.ThreadPoolTaskExecutorTests" time="0.012"/>
  <testcase name="submitRunnable()" classname="org.springframework.scheduling.concurrent.ThreadPoolTaskExecutorTests" time="0.011"/>
  <testcase name="executeFailingRunnable()" classname="org.springframework.scheduling.concurrent.ThreadPoolTaskExecutorTests" time="0.001"/>
  <testcase name="submitFailingListenableRunnable()" classname="org.springframework.scheduling.concurrent.ThreadPoolTaskExecutorTests" time="0.013"/>
  <system-out><![CDATA[]]></system-out>
  <system-err><![CDATA[]]></system-err>
</testsuite>
