<?xml version="1.0" encoding="UTF-8"?>
<testsuite name="org.springframework.jmx.export.CustomEditorConfigurerTests" tests="2" skipped="0" failures="0" errors="0" timestamp="2019-12-09T02:21:06" hostname="DESKTOP-246NTI5" time="0.038">
  <properties/>
  <testcase name="datesInApplicationContext()" classname="org.springframework.jmx.export.CustomEditorConfigurerTests" time="0.033"/>
  <testcase name="datesInJmx()" classname="org.springframework.jmx.export.CustomEditorConfigurerTests" time="0.005"/>
  <system-out><![CDATA[]]></system-out>
  <system-err><![CDATA[]]></system-err>
</testsuite>
