<?xml version="1.0" encoding="UTF-8"?>
<testsuite name="org.springframework.context.expression.CachedExpressionEvaluatorTests" tests="3" skipped="0" failures="0" errors="0" timestamp="2019-12-09T02:20:40" hostname="DESKTOP-246NTI5" time="0.004">
  <properties/>
  <testcase name="cacheExpressionBasedOnConcreteType()" classname="org.springframework.context.expression.CachedExpressionEvaluatorTests" time="0.001"/>
  <testcase name="parseNewExpression()" classname="org.springframework.context.expression.CachedExpressionEvaluatorTests" time="0.001"/>
  <testcase name="cacheExpression()" classname="org.springframework.context.expression.CachedExpressionEvaluatorTests" time="0.001"/>
  <system-out><![CDATA[]]></system-out>
  <system-err><![CDATA[]]></system-err>
</testsuite>
