<?xml version="1.0" encoding="UTF-8"?>
<testsuite name="org.springframework.context.annotation.ParserStrategyUtilsTests" tests="9" skipped="0" failures="0" errors="0" timestamp="2019-12-09T02:20:38" hostname="DESKTOP-246NTI5" time="0.092">
  <properties/>
  <testcase name="instantiateClassWhenHasSingleContructorAndAwareInjectsParamsAndCallsAware()" classname="org.springframework.context.annotation.ParserStrategyUtilsTests" time="0.082"/>
  <testcase name="instantiateClassWhenHasNoBeanClassLoaderDoesNotCallAware()" classname="org.springframework.context.annotation.ParserStrategyUtilsTests" time="0.001"/>
  <testcase name="instantiateClassWhenHasMultipleConstructorsUsesNoArgsConstructor()" classname="org.springframework.context.annotation.ParserStrategyUtilsTests" time="0.001"/>
  <testcase name="instantiateClassWhenHasNoArgsConstructorCallsAware()" classname="org.springframework.context.annotation.ParserStrategyUtilsTests" time="0.001"/>
  <testcase name="instantiateClassWhenHasSingleContructorInjectsParams()" classname="org.springframework.context.annotation.ParserStrategyUtilsTests" time="0.001"/>
  <testcase name="instantiateClassHasSubclassParameterThrowsException()" classname="org.springframework.context.annotation.ParserStrategyUtilsTests" time="0.001"/>
  <testcase name="instantiateClassWhenHasUnsupportedParameterThrowsException()" classname="org.springframework.context.annotation.ParserStrategyUtilsTests" time="0.001"/>
  <testcase name="instantiateClassWhenHasNoBeanClassLoaderInjectsNull()" classname="org.springframework.context.annotation.ParserStrategyUtilsTests" time="0.0"/>
  <testcase name="instantiateClassWhenHasMutlipleConstructorsAndNotDefaultThrowsException()" classname="org.springframework.context.annotation.ParserStrategyUtilsTests" time="0.001"/>
  <system-out><![CDATA[]]></system-out>
  <system-err><![CDATA[]]></system-err>
</testsuite>
