<?xml version="1.0" encoding="UTF-8"?>
<testsuite name="org.springframework.aop.aspectj.BeforeAdviceBindingTests" tests="5" skipped="0" failures="0" errors="0" timestamp="2019-12-09T02:20:18" hostname="DESKTOP-246NTI5" time="0.088">
  <properties/>
  <testcase name="testOneObjectArgBoundToProxyUsingThis()" classname="org.springframework.aop.aspectj.BeforeAdviceBindingTests" time="0.021"/>
  <testcase name="testNeedsJoinPoint()" classname="org.springframework.aop.aspectj.BeforeAdviceBindingTests" time="0.016"/>
  <testcase name="testOneIntAndOneObjectArgs()" classname="org.springframework.aop.aspectj.BeforeAdviceBindingTests" time="0.016"/>
  <testcase name="testNeedsJoinPointStaticPart()" classname="org.springframework.aop.aspectj.BeforeAdviceBindingTests" time="0.017"/>
  <testcase name="testOneIntArg()" classname="org.springframework.aop.aspectj.BeforeAdviceBindingTests" time="0.018"/>
  <system-out><![CDATA[]]></system-out>
  <system-err><![CDATA[]]></system-err>
</testsuite>
