<?xml version="1.0" encoding="UTF-8"?>
<testsuite name="org.springframework.aop.config.AopNamespaceHandlerArgNamesTests" tests="2" skipped="0" failures="0" errors="0" timestamp="2019-12-09T02:20:20" hostname="DESKTOP-246NTI5" time="0.029">
  <properties/>
  <testcase name="testArgNamesError()" classname="org.springframework.aop.config.AopNamespaceHandlerArgNamesTests" time="0.015"/>
  <testcase name="testArgNamesOK()" classname="org.springframework.aop.config.AopNamespaceHandlerArgNamesTests" time="0.014"/>
  <system-out><![CDATA[10:20:20.403 [Test worker] WARN  o.s.c.s.ClassPathXmlApplicationContext - Exception encountered during context initialization - cancelling refresh attempt: org.springframework.beans.factory.BeanCreationException: Error creating bean with name 'org.springframework.aop.aspectj.AspectJPointcutAdvisor#0': Cannot create inner bean '(inner bean)#25270af' of type [org.springframework.aop.aspectj.AspectJMethodBeforeAdvice] while setting constructor argument; nested exception is org.springframework.beans.factory.BeanCreationException: Error creating bean with name '(inner bean)#25270af': Error setting property values; nested exception is org.springframework.beans.PropertyBatchUpdateException; nested PropertyAccessExceptions (1) are:
PropertyAccessException 1: org.springframework.beans.MethodInvocationException: Property 'argumentNames' threw exception; nested exception is java.lang.IllegalArgumentException: 'argumentNames' property of AbstractAspectJAdvice contains an argument name 'age bean' that is not a valid Java identifier
]]></system-out>
  <system-err><![CDATA[]]></system-err>
</testsuite>
