<?xml version="1.0" encoding="UTF-8"?>
<testsuite name="org.springframework.context.annotation.Spr16179Tests" tests="1" skipped="0" failures="0" errors="0" timestamp="2019-12-09T02:20:39" hostname="DESKTOP-246NTI5" time="0.007">
  <properties/>
  <testcase name="repro()" classname="org.springframework.context.annotation.Spr16179Tests" time="0.007"/>
  <system-out><![CDATA[]]></system-out>
  <system-err><![CDATA[]]></system-err>
</testsuite>
