<?xml version="1.0" encoding="UTF-8"?>
<testsuite name="org.springframework.aop.aspectj.generic.AfterReturningGenericTypeMatchingTests" tests="4" skipped="0" failures="0" errors="0" timestamp="2019-12-09T02:20:19" hostname="DESKTOP-246NTI5" time="0.089">
  <properties/>
  <testcase name="testReturnTypeLowerBoundMatching()" classname="org.springframework.aop.aspectj.generic.AfterReturningGenericTypeMatchingTests" time="0.04"/>
  <testcase name="testReturnTypeUpperBoundMatching()" classname="org.springframework.aop.aspectj.generic.AfterReturningGenericTypeMatchingTests" time="0.015"/>
  <testcase name="testReturnTypeRawMatching()" classname="org.springframework.aop.aspectj.generic.AfterReturningGenericTypeMatchingTests" time="0.015"/>
  <testcase name="testReturnTypeExactMatching()" classname="org.springframework.aop.aspectj.generic.AfterReturningGenericTypeMatchingTests" time="0.017"/>
  <system-out><![CDATA[]]></system-out>
  <system-err><![CDATA[]]></system-err>
</testsuite>
