<?xml version="1.0" encoding="UTF-8"?>
<testsuite name="org.springframework.core.annotation.AnnotationBackCompatibiltyTests" tests="2" skipped="0" failures="0" errors="0" timestamp="2019-12-09T02:12:54" hostname="DESKTOP-246NTI5" time="0.02">
  <properties/>
  <testcase name="defaultValue()" classname="org.springframework.core.annotation.AnnotationBackCompatibiltyTests" time="0.004"/>
  <testcase name="multiplRoutesToMetaAnnotation()" classname="org.springframework.core.annotation.AnnotationBackCompatibiltyTests" time="0.015"/>
  <system-out><![CDATA[]]></system-out>
  <system-err><![CDATA[]]></system-err>
</testsuite>
