<?xml version="1.0" encoding="UTF-8"?>
<testsuite name="org.springframework.util.StreamUtilsTests" tests="8" skipped="0" failures="0" errors="0" timestamp="2019-12-09T02:13:25" hostname="DESKTOP-246NTI5" time="0.085">
  <properties/>
  <testcase name="nonClosingOutputStream()" classname="org.springframework.util.StreamUtilsTests" time="0.019"/>
  <testcase name="copyStream()" classname="org.springframework.util.StreamUtilsTests" time="0.024"/>
  <testcase name="copyString()" classname="org.springframework.util.StreamUtilsTests" time="0.003"/>
  <testcase name="copyToString()" classname="org.springframework.util.StreamUtilsTests" time="0.015"/>
  <testcase name="copyBytes()" classname="org.springframework.util.StreamUtilsTests" time="0.002"/>
  <testcase name="copyRange()" classname="org.springframework.util.StreamUtilsTests" time="0.001"/>
  <testcase name="nonClosingInputStream()" classname="org.springframework.util.StreamUtilsTests" time="0.016"/>
  <testcase name="copyToByteArray()" classname="org.springframework.util.StreamUtilsTests" time="0.003"/>
  <system-out><![CDATA[]]></system-out>
  <system-err><![CDATA[]]></system-err>
</testsuite>
