<?xml version="1.0" encoding="UTF-8"?>
<testsuite name="org.springframework.core.annotation.MergedAnnotationCollectorsTests" tests="5" skipped="0" failures="0" errors="0" timestamp="2019-12-09T02:12:56" hostname="DESKTOP-246NTI5" time="0.018">
  <properties/>
  <testcase name="toAnnotationArrayCollectsAnnotationArrayWithSynthesizedAnnotations()" classname="org.springframework.core.annotation.MergedAnnotationCollectorsTests" time="0.008"/>
  <testcase name="toAnnotationSetCollectsLinkedHashSetWithSynthesizedAnnotations()" classname="org.springframework.core.annotation.MergedAnnotationCollectorsTests" time="0.001"/>
  <testcase name="toFinishedMultiValueMapCollectsMultiValueMap()" classname="org.springframework.core.annotation.MergedAnnotationCollectorsTests" time="0.002"/>
  <testcase name="toSuppliedAnnotationArrayCollectsAnnotationArrayWithSynthesizedAnnotations()" classname="org.springframework.core.annotation.MergedAnnotationCollectorsTests" time="0.002"/>
  <testcase name="toMultiValueMapCollectsMultiValueMap()" classname="org.springframework.core.annotation.MergedAnnotationCollectorsTests" time="0.002"/>
  <system-out><![CDATA[]]></system-out>
  <system-err><![CDATA[]]></system-err>
</testsuite>
