<?xml version="1.0" encoding="UTF-8"?>
<testsuite name="org.springframework.core.KotlinGenericTypeResolverTests" tests="1" skipped="0" failures="0" errors="0" timestamp="2019-12-09T02:13:30" hostname="DESKTOP-246NTI5" time="0.061">
  <properties/>
  <testcase name="methodReturnTypes()" classname="org.springframework.core.KotlinGenericTypeResolverTests" time="0.061"/>
  <system-out><![CDATA[]]></system-out>
  <system-err><![CDATA[]]></system-err>
</testsuite>
