<?xml version="1.0" encoding="UTF-8"?>
<testsuite name="org.springframework.util.comparator.InstanceComparatorTests" tests="3" skipped="0" failures="0" errors="0" timestamp="2019-12-09T02:13:23" hostname="DESKTOP-246NTI5" time="0.002">
  <properties/>
  <testcase name="shouldCompareClasses()" classname="org.springframework.util.comparator.InstanceComparatorTests" time="0.001"/>
  <testcase name="shouldCompareMix()" classname="org.springframework.util.comparator.InstanceComparatorTests" time="0.0"/>
  <testcase name="shouldCompareInterfaces()" classname="org.springframework.util.comparator.InstanceComparatorTests" time="0.0"/>
  <system-out><![CDATA[]]></system-out>
  <system-err><![CDATA[]]></system-err>
</testsuite>
