<?xml version="1.0" encoding="UTF-8"?>
<testsuite name="org.springframework.core.serializer.SerializationConverterTests" tests="4" skipped="0" failures="0" errors="0" timestamp="2019-12-09T02:13:20" hostname="DESKTOP-246NTI5" time="0.015">
  <properties/>
  <testcase name="deserializationFailure()" classname="org.springframework.core.serializer.SerializationConverterTests" time="0.003"/>
  <testcase name="nonSerializableObject()" classname="org.springframework.core.serializer.SerializationConverterTests" time="0.002"/>
  <testcase name="nonSerializableField()" classname="org.springframework.core.serializer.SerializationConverterTests" time="0.01"/>
  <testcase name="serializeAndDeserializeString()" classname="org.springframework.core.serializer.SerializationConverterTests" time="0.0"/>
  <system-out><![CDATA[]]></system-out>
  <system-err><![CDATA[]]></system-err>
</testsuite>
