<?xml version="1.0" encoding="UTF-8"?>
<testsuite name="org.springframework.core.SimpleAliasRegistryTests" tests="2" skipped="0" failures="0" errors="0" timestamp="2019-12-09T02:13:20" hostname="DESKTOP-246NTI5" time="0.003">
  <properties/>
  <testcase name="testAliasChainingWithMultipleAliases()" classname="org.springframework.core.SimpleAliasRegistryTests" time="0.002"/>
  <testcase name="aliasChaining()" classname="org.springframework.core.SimpleAliasRegistryTests" time="0.0"/>
  <system-out><![CDATA[]]></system-out>
  <system-err><![CDATA[]]></system-err>
</testsuite>
