<?xml version="1.0" encoding="UTF-8"?>
<testsuite name="org.springframework.core.codec.ByteBufferDecoderTests" tests="3" skipped="0" failures="0" errors="0" timestamp="2019-12-09T02:13:02" hostname="DESKTOP-246NTI5" time="0.006">
  <properties/>
  <testcase name="decodeToMono()" classname="org.springframework.core.codec.ByteBufferDecoderTests" time="0.003"/>
  <testcase name="decode()" classname="org.springframework.core.codec.ByteBufferDecoderTests" time="0.003"/>
  <testcase name="canDecode()" classname="org.springframework.core.codec.ByteBufferDecoderTests" time="0.0"/>
  <system-out><![CDATA[]]></system-out>
  <system-err><![CDATA[]]></system-err>
</testsuite>
