<?xml version="1.0" encoding="UTF-8"?>
<testsuite name="org.springframework.util.CompositeIteratorTests" tests="5" skipped="0" failures="0" errors="0" timestamp="2019-12-09T02:13:23" hostname="DESKTOP-246NTI5" time="0.004">
  <properties/>
  <testcase name="duplicateIterators()" classname="org.springframework.util.CompositeIteratorTests" time="0.001"/>
  <testcase name="noIterators()" classname="org.springframework.util.CompositeIteratorTests" time="0.001"/>
  <testcase name="inUse()" classname="org.springframework.util.CompositeIteratorTests" time="0.001"/>
  <testcase name="multipleIterators()" classname="org.springframework.util.CompositeIteratorTests" time="0.001"/>
  <testcase name="singleIterator()" classname="org.springframework.util.CompositeIteratorTests" time="0.0"/>
  <system-out><![CDATA[]]></system-out>
  <system-err><![CDATA[]]></system-err>
</testsuite>
