<?xml version="1.0" encoding="UTF-8"?>
<testsuite name="org.springframework.util.xml.StaxEventHandlerTests" tests="4" skipped="0" failures="0" errors="0" timestamp="2019-12-09T02:13:25" hostname="DESKTOP-246NTI5" time="0.038">
  <properties/>
  <testcase name="noNamespacePrefixesDom()" classname="org.springframework.util.xml.StaxEventHandlerTests" time="0.021"/>
  <testcase name="noNamespacePrefixes()" classname="org.springframework.util.xml.StaxEventHandlerTests" time="0.008"/>
  <testcase name="namespacePrefixes()" classname="org.springframework.util.xml.StaxEventHandlerTests" time="0.005"/>
  <testcase name="namespacePrefixesDom()" classname="org.springframework.util.xml.StaxEventHandlerTests" time="0.004"/>
  <system-out><![CDATA[]]></system-out>
  <system-err><![CDATA[]]></system-err>
</testsuite>
