<?xml version="1.0" encoding="UTF-8"?>
<testsuite name="org.springframework.util.xml.DomContentHandlerTests" tests="3" skipped="0" failures="0" errors="0" timestamp="2019-12-09T02:13:25" hostname="DESKTOP-246NTI5" time="0.138">
  <properties/>
  <testcase name="contentHandlerDocumentNoNamespacePrefixes()" classname="org.springframework.util.xml.DomContentHandlerTests" time="0.124"/>
  <testcase name="contentHandlerDocumentNamespacePrefixes()" classname="org.springframework.util.xml.DomContentHandlerTests" time="0.008"/>
  <testcase name="contentHandlerElement()" classname="org.springframework.util.xml.DomContentHandlerTests" time="0.006"/>
  <system-out><![CDATA[]]></system-out>
  <system-err><![CDATA[]]></system-err>
</testsuite>
