<?xml version="1.0" encoding="UTF-8"?>
<testsuite name="org.springframework.core.codec.ResourceRegionEncoderTests" tests="6" skipped="0" failures="0" errors="0" timestamp="2019-12-09T02:13:02" hostname="DESKTOP-246NTI5" time="0.063">
  <properties/>
  <testcase name="shouldEncodeMultipleResourceRegionsFileResource()" classname="org.springframework.core.codec.ResourceRegionEncoderTests" time="0.049"/>
  <testcase name="cancelWithoutDemandForSingleResourceRegion()" classname="org.springframework.core.codec.ResourceRegionEncoderTests" time="0.003"/>
  <testcase name="canEncode()" classname="org.springframework.core.codec.ResourceRegionEncoderTests" time="0.001"/>
  <testcase name="shouldEncodeResourceRegionFileResource()" classname="org.springframework.core.codec.ResourceRegionEncoderTests" time="0.002"/>
  <testcase name="cancelWithoutDemandForMultipleResourceRegions()" classname="org.springframework.core.codec.ResourceRegionEncoderTests" time="0.001"/>
  <testcase name="nonExisting()" classname="org.springframework.core.codec.ResourceRegionEncoderTests" time="0.006"/>
  <system-out><![CDATA[]]></system-out>
  <system-err><![CDATA[]]></system-err>
</testsuite>
