<?xml version="1.0" encoding="UTF-8"?>
<testsuite name="org.springframework.core.env.PropertyResolverExtensionsTests" tests="3" skipped="0" failures="0" errors="0" timestamp="2019-12-09T02:13:28" hostname="DESKTOP-246NTI5" time="1.741">
  <properties/>
  <testcase name="getProperty extension()" classname="org.springframework.core.env.PropertyResolverExtensionsTests" time="1.718"/>
  <testcase name="get operator()" classname="org.springframework.core.env.PropertyResolverExtensionsTests" time="0.01"/>
  <testcase name="getRequiredProperty extension()" classname="org.springframework.core.env.PropertyResolverExtensionsTests" time="0.007"/>
  <system-out><![CDATA[]]></system-out>
  <system-err><![CDATA[]]></system-err>
</testsuite>
