<?xml version="1.0" encoding="UTF-8"?>
<testsuite name="org.springframework.util.concurrent.ListenableFutureTaskTests" tests="4" skipped="0" failures="0" errors="0" timestamp="2019-12-09T02:13:23" hostname="DESKTOP-246NTI5" time="0.022">
  <properties/>
  <testcase name="success()" classname="org.springframework.util.concurrent.ListenableFutureTaskTests" time="0.005"/>
  <testcase name="failure()" classname="org.springframework.util.concurrent.ListenableFutureTaskTests" time="0.002"/>
  <testcase name="failureWithLambdas()" classname="org.springframework.util.concurrent.ListenableFutureTaskTests" time="0.015"/>
  <testcase name="successWithLambdas()" classname="org.springframework.util.concurrent.ListenableFutureTaskTests" time="0.0"/>
  <system-out><![CDATA[]]></system-out>
  <system-err><![CDATA[]]></system-err>
</testsuite>
