<?xml version="1.0" encoding="UTF-8"?>
<testsuite name="org.springframework.util.xml.ListBasedXMLEventReaderTests" tests="3" skipped="0" failures="0" errors="0" timestamp="2019-12-09T02:13:25" hostname="DESKTOP-246NTI5" time="0.372">
  <properties/>
  <testcase name="getElementText()" classname="org.springframework.util.xml.ListBasedXMLEventReaderTests" time="0.337"/>
  <testcase name="getElementTextThrowsExceptionAtWrongPosition()" classname="org.springframework.util.xml.ListBasedXMLEventReaderTests" time="0.002"/>
  <testcase name="standard()" classname="org.springframework.util.xml.ListBasedXMLEventReaderTests" time="0.029"/>
  <system-out><![CDATA[]]></system-out>
  <system-err><![CDATA[]]></system-err>
</testsuite>
