<?xml version="1.0" encoding="UTF-8"?>
<testsuite name="org.springframework.core.KotlinReflectionParameterNameDiscovererTests" tests="3" skipped="0" failures="0" errors="0" timestamp="2019-12-09T02:13:30" hostname="DESKTOP-246NTI5" time="0.026">
  <properties/>
  <testcase name="getParameterNamesOnInterface()" classname="org.springframework.core.KotlinReflectionParameterNameDiscovererTests" time="0.004"/>
  <testcase name="getParameterNamesOnExtensionMethod()" classname="org.springframework.core.KotlinReflectionParameterNameDiscovererTests" time="0.01"/>
  <testcase name="getParameterNamesOnClass()" classname="org.springframework.core.KotlinReflectionParameterNameDiscovererTests" time="0.011"/>
  <system-out><![CDATA[]]></system-out>
  <system-err><![CDATA[]]></system-err>
</testsuite>
