<?xml version="1.0" encoding="UTF-8"?>
<testsuite name="org.springframework.util.ResourceUtilsTests" tests="3" skipped="0" failures="0" errors="0" timestamp="2019-12-09T02:13:23" hostname="DESKTOP-246NTI5" time="0.007">
  <properties/>
  <testcase name="isJarURL()" classname="org.springframework.util.ResourceUtilsTests" time="0.001"/>
  <testcase name="extractJarFileURL()" classname="org.springframework.util.ResourceUtilsTests" time="0.004"/>
  <testcase name="extractArchiveURL()" classname="org.springframework.util.ResourceUtilsTests" time="0.001"/>
  <system-out><![CDATA[]]></system-out>
  <system-err><![CDATA[]]></system-err>
</testsuite>
