<?xml version="1.0" encoding="UTF-8"?>
<testsuite name="org.springframework.util.xml.StaxEventXMLReaderTests" tests="6" skipped="0" failures="0" errors="0" timestamp="2019-12-09T02:13:25" hostname="DESKTOP-246NTI5" time="0.442">
  <properties/>
  <testcase name="contentHandlerNamespacesPrefixes()" classname="org.springframework.util.xml.StaxEventXMLReaderTests" time="0.026"/>
  <testcase name="whitespace()" classname="org.springframework.util.xml.StaxEventXMLReaderTests" time="0.381"/>
  <testcase name="contentHandlerNoNamespacesPrefixes()" classname="org.springframework.util.xml.StaxEventXMLReaderTests" time="0.005"/>
  <testcase name="lexicalHandler()" classname="org.springframework.util.xml.StaxEventXMLReaderTests" time="0.023"/>
  <testcase name="contentHandlerNamespacesNoPrefixes()" classname="org.springframework.util.xml.StaxEventXMLReaderTests" time="0.004"/>
  <testcase name="partial()" classname="org.springframework.util.xml.StaxEventXMLReaderTests" time="0.002"/>
  <system-out><![CDATA[]]></system-out>
  <system-err><![CDATA[]]></system-err>
</testsuite>
