<?xml version="1.0" encoding="UTF-8"?>
<testsuite name="org.springframework.tests.AssumeTests" tests="5" skipped="0" failures="0" errors="0" timestamp="2019-12-09T02:13:22" hostname="DESKTOP-246NTI5" time="0.007">
  <properties/>
  <testcase name="assumeGroupWithBogusActiveTestGroup()" classname="org.springframework.tests.AssumeTests" time="0.002"/>
  <testcase name="assumeGroupWithNoMatchingActiveTestGroup()" classname="org.springframework.tests.AssumeTests" time="0.002"/>
  <testcase name="assumeGroupWithAllMinusBogusActiveTestGroup()" classname="org.springframework.tests.AssumeTests" time="0.001"/>
  <testcase name="assumeGroupWithNoActiveTestGroups()" classname="org.springframework.tests.AssumeTests" time="0.0"/>
  <testcase name="assumeGroupWithMatchingActiveTestGroup()" classname="org.springframework.tests.AssumeTests" time="0.0"/>
  <system-out><![CDATA[]]></system-out>
  <system-err><![CDATA[]]></system-err>
</testsuite>
