<?xml version="1.0" encoding="UTF-8"?>
<testsuite name="org.springframework.util.xml.StaxSourceTests" tests="4" skipped="0" failures="0" errors="0" timestamp="2019-12-09T02:13:26" hostname="DESKTOP-246NTI5" time="0.016">
  <properties/>
  <testcase name="streamReaderSourceToDOMResult()" classname="org.springframework.util.xml.StaxSourceTests" time="0.004"/>
  <testcase name="streamReaderSourceToStreamResult()" classname="org.springframework.util.xml.StaxSourceTests" time="0.005"/>
  <testcase name="eventReaderSourceToStreamResult()" classname="org.springframework.util.xml.StaxSourceTests" time="0.003"/>
  <testcase name="eventReaderSourceToDOMResult()" classname="org.springframework.util.xml.StaxSourceTests" time="0.004"/>
  <system-out><![CDATA[]]></system-out>
  <system-err><![CDATA[]]></system-err>
</testsuite>
