<?xml version="1.0" encoding="UTF-8"?>
<testsuite name="org.springframework.oxm.config.OxmNamespaceHandlerTests" tests="2" skipped="0" failures="0" errors="0" timestamp="2019-12-09T02:15:49" hostname="DESKTOP-246NTI5" time="0.463">
  <properties/>
  <testcase name="jaxb2ClassesToBeBoundMarshaller()" classname="org.springframework.oxm.config.OxmNamespaceHandlerTests" time="0.414"/>
  <testcase name="jaxb2ContextPathMarshaller()" classname="org.springframework.oxm.config.OxmNamespaceHandlerTests" time="0.0"/>
  <system-out><![CDATA[]]></system-out>
  <system-err><![CDATA[]]></system-err>
</testsuite>
