<?xml version="1.0" encoding="UTF-8"?>
<testsuite name="org.springframework.beans.BeanWrapperEnumTests" tests="15" skipped="0" failures="0" errors="0" timestamp="2019-12-09T02:19:18" hostname="DESKTOP-246NTI5" time="0.272">
  <properties/>
  <testcase name="testCustomEnumWithNull()" classname="org.springframework.beans.BeanWrapperEnumTests" time="0.015"/>
  <testcase name="testStandardEnumMapWithAutoGrowing()" classname="org.springframework.beans.BeanWrapperEnumTests" time="0.162"/>
  <testcase name="testCustomEnumArrayWithMultipleValues()" classname="org.springframework.beans.BeanWrapperEnumTests" time="0.002"/>
  <testcase name="testCustomEnumSetWithSingleValue()" classname="org.springframework.beans.BeanWrapperEnumTests" time="0.002"/>
  <testcase name="testNonPublicEnum()" classname="org.springframework.beans.BeanWrapperEnumTests" time="0.008"/>
  <testcase name="testStandardEnumSetWithAutoGrowing()" classname="org.springframework.beans.BeanWrapperEnumTests" time="0.025"/>
  <testcase name="testStandardEnumMapWithMultipleValues()" classname="org.springframework.beans.BeanWrapperEnumTests" time="0.049"/>
  <testcase name="testCustomEnumWithEmptyString()" classname="org.springframework.beans.BeanWrapperEnumTests" time="0.0"/>
  <testcase name="testCustomEnumSetWithMultipleValuesAsCsv()" classname="org.springframework.beans.BeanWrapperEnumTests" time="0.0"/>
  <testcase name="testCustomEnumSetWithGetterSetterMismatch()" classname="org.springframework.beans.BeanWrapperEnumTests" time="0.001"/>
  <testcase name="testStandardEnumSetWithMultipleValues()" classname="org.springframework.beans.BeanWrapperEnumTests" time="0.001"/>
  <testcase name="testCustomEnumArrayWithMultipleValuesAsCsv()" classname="org.springframework.beans.BeanWrapperEnumTests" time="0.001"/>
  <testcase name="testCustomEnumArrayWithSingleValue()" classname="org.springframework.beans.BeanWrapperEnumTests" time="0.0"/>
  <testcase name="testCustomEnumSetWithMultipleValues()" classname="org.springframework.beans.BeanWrapperEnumTests" time="0.001"/>
  <testcase name="testCustomEnum()" classname="org.springframework.beans.BeanWrapperEnumTests" time="0.001"/>
  <system-out><![CDATA[]]></system-out>
  <system-err><![CDATA[]]></system-err>
</testsuite>
