<?xml version="1.0" encoding="UTF-8"?>
<testsuite name="org.springframework.beans.propertyeditors.ResourceBundleEditorTests" tests="9" skipped="0" failures="0" errors="0" timestamp="2019-12-09T02:19:33" hostname="DESKTOP-246NTI5" time="0.122">
  <properties/>
  <testcase name="testSetAsTextWithNull()" classname="org.springframework.beans.propertyeditors.ResourceBundleEditorTests" time="0.001"/>
  <testcase name="testSetAsTextWithEmptyString()" classname="org.springframework.beans.propertyeditors.ResourceBundleEditorTests" time="0.001"/>
  <testcase name="testSetAsTextWithTheKitchenSink()" classname="org.springframework.beans.propertyeditors.ResourceBundleEditorTests" time="0.051"/>
  <testcase name="testSetAsTextWithBaseNameAndLanguageCode()" classname="org.springframework.beans.propertyeditors.ResourceBundleEditorTests" time="0.016"/>
  <testcase name="testSetAsTextWithWhiteSpaceString()" classname="org.springframework.beans.propertyeditors.ResourceBundleEditorTests" time="0.001"/>
  <testcase name="testSetAsTextWithBaseNameLanguageAndCountryCode()" classname="org.springframework.beans.propertyeditors.ResourceBundleEditorTests" time="0.023"/>
  <testcase name="testSetAsTextWithBaseNameThatEndsInDefaultSeparator()" classname="org.springframework.beans.propertyeditors.ResourceBundleEditorTests" time="0.026"/>
  <testcase name="testSetAsTextWithJustBaseName()" classname="org.springframework.beans.propertyeditors.ResourceBundleEditorTests" time="0.001"/>
  <testcase name="testSetAsTextWithJustSeparatorString()" classname="org.springframework.beans.propertyeditors.ResourceBundleEditorTests" time="0.0"/>
  <system-out><![CDATA[]]></system-out>
  <system-err><![CDATA[]]></system-err>
</testsuite>
