<?xml version="1.0" encoding="UTF-8"?>
<testsuite name="org.springframework.beans.factory.xml.EventPublicationTests" tests="4" skipped="0" failures="0" errors="0" timestamp="2019-12-09T02:19:31" hostname="DESKTOP-246NTI5" time="0.061">
  <properties/>
  <testcase name="beanEventReceived()" classname="org.springframework.beans.factory.xml.EventPublicationTests" time="0.041"/>
  <testcase name="importEventReceived()" classname="org.springframework.beans.factory.xml.EventPublicationTests" time="0.006"/>
  <testcase name="aliasEventReceived()" classname="org.springframework.beans.factory.xml.EventPublicationTests" time="0.007"/>
  <testcase name="defaultsEventReceived()" classname="org.springframework.beans.factory.xml.EventPublicationTests" time="0.006"/>
  <system-out><![CDATA[]]></system-out>
  <system-err><![CDATA[]]></system-err>
</testsuite>
