<?xml version="1.0" encoding="UTF-8"?>
<testsuite name="org.springframework.beans.factory.parsing.PassThroughSourceExtractorTests" tests="2" skipped="0" failures="0" errors="0" timestamp="2019-12-09T02:19:30" hostname="DESKTOP-246NTI5" time="0.003">
  <properties/>
  <testcase name="testPassThroughContractEvenWithNull()" classname="org.springframework.beans.factory.parsing.PassThroughSourceExtractorTests" time="0.002"/>
  <testcase name="testPassThroughContract()" classname="org.springframework.beans.factory.parsing.PassThroughSourceExtractorTests" time="0.001"/>
  <system-out><![CDATA[]]></system-out>
  <system-err><![CDATA[]]></system-err>
</testsuite>
