<?xml version="1.0" encoding="UTF-8"?>
<testsuite name="org.springframework.beans.factory.support.DefinitionMetadataEqualsHashCodeTests" tests="4" skipped="0" failures="0" errors="0" timestamp="2019-12-09T02:19:30" hostname="DESKTOP-246NTI5" time="0.005">
  <properties/>
  <testcase name="childBeanDefinition()" classname="org.springframework.beans.factory.support.DefinitionMetadataEqualsHashCodeTests" time="0.001"/>
  <testcase name="runtimeBeanReference()" classname="org.springframework.beans.factory.support.DefinitionMetadataEqualsHashCodeTests" time="0.002"/>
  <testcase name="rootBeanDefinitionAndMethodOverridesWithDifferentOverloadedValues()" classname="org.springframework.beans.factory.support.DefinitionMetadataEqualsHashCodeTests" time="0.001"/>
  <testcase name="rootBeanDefinition()" classname="org.springframework.beans.factory.support.DefinitionMetadataEqualsHashCodeTests" time="0.001"/>
  <system-out><![CDATA[]]></system-out>
  <system-err><![CDATA[]]></system-err>
</testsuite>
