<?xml version="1.0" encoding="UTF-8"?>
<testsuite name="org.springframework.beans.factory.config.CustomEditorConfigurerTests" tests="3" skipped="0" failures="0" errors="0" timestamp="2019-12-09T02:19:28" hostname="DESKTOP-246NTI5" time="0.047">
  <properties/>
  <testcase name="testCustomEditorConfigurerWithPropertyEditorRegistrar()" classname="org.springframework.beans.factory.config.CustomEditorConfigurerTests" time="0.044"/>
  <testcase name="testCustomEditorConfigurerWithEditorAsClass()" classname="org.springframework.beans.factory.config.CustomEditorConfigurerTests" time="0.002"/>
  <testcase name="testCustomEditorConfigurerWithRequiredTypeArray()" classname="org.springframework.beans.factory.config.CustomEditorConfigurerTests" time="0.001"/>
  <system-out><![CDATA[]]></system-out>
  <system-err><![CDATA[]]></system-err>
</testsuite>
