<?xml version="1.0" encoding="UTF-8"?>
<testsuite name="org.springframework.beans.factory.xml.SchemaValidationTests" tests="3" skipped="0" failures="0" errors="0" timestamp="2019-12-09T02:19:32" hostname="DESKTOP-246NTI5" time="0.121">
  <properties/>
  <testcase name="withAutodetection()" classname="org.springframework.beans.factory.xml.SchemaValidationTests" time="0.037"/>
  <testcase name="loadDefinitions()" classname="org.springframework.beans.factory.xml.SchemaValidationTests" time="0.074"/>
  <testcase name="withExplicitValidationMode()" classname="org.springframework.beans.factory.xml.SchemaValidationTests" time="0.01"/>
  <system-out><![CDATA[]]></system-out>
  <system-err><![CDATA[]]></system-err>
</testsuite>
