<?xml version="1.0" encoding="UTF-8"?>
<testsuite name="org.springframework.beans.factory.xml.CollectionMergingTests" tests="14" skipped="0" failures="0" errors="0" timestamp="2019-12-09T02:19:30" hostname="DESKTOP-246NTI5" time="0.132">
  <properties/>
  <testcase name="mergeSetInConstructor()" classname="org.springframework.beans.factory.xml.CollectionMergingTests" time="0.036"/>
  <testcase name="mergeSetWithInnerBeanAsSetElement()" classname="org.springframework.beans.factory.xml.CollectionMergingTests" time="0.007"/>
  <testcase name="mergeMapWithInnerBeanAsMapEntryValueInConstructor()" classname="org.springframework.beans.factory.xml.CollectionMergingTests" time="0.007"/>
  <testcase name="mergeProperties()" classname="org.springframework.beans.factory.xml.CollectionMergingTests" time="0.006"/>
  <testcase name="mergeMap()" classname="org.springframework.beans.factory.xml.CollectionMergingTests" time="0.006"/>
  <testcase name="mergeSet()" classname="org.springframework.beans.factory.xml.CollectionMergingTests" time="0.006"/>
  <testcase name="mergeMapWithInnerBeanAsMapEntryValue()" classname="org.springframework.beans.factory.xml.CollectionMergingTests" time="0.007"/>
  <testcase name="mergeListInConstructor()" classname="org.springframework.beans.factory.xml.CollectionMergingTests" time="0.007"/>
  <testcase name="mergeMapInConstructor()" classname="org.springframework.beans.factory.xml.CollectionMergingTests" time="0.007"/>
  <testcase name="mergeSetWithInnerBeanAsSetElementInConstructor()" classname="org.springframework.beans.factory.xml.CollectionMergingTests" time="0.008"/>
  <testcase name="mergeList()" classname="org.springframework.beans.factory.xml.CollectionMergingTests" time="0.008"/>
  <testcase name="mergeListWithInnerBeanAsListElement()" classname="org.springframework.beans.factory.xml.CollectionMergingTests" time="0.007"/>
  <testcase name="mergeListWithInnerBeanAsListElementInConstructor()" classname="org.springframework.beans.factory.xml.CollectionMergingTests" time="0.008"/>
  <testcase name="mergePropertiesInConstructor()" classname="org.springframework.beans.factory.xml.CollectionMergingTests" time="0.007"/>
  <system-out><![CDATA[]]></system-out>
  <system-err><![CDATA[]]></system-err>
</testsuite>
