<?xml version="1.0" encoding="UTF-8"?>
<testsuite name="org.springframework.beans.factory.support.security.CallbacksSecurityTests" tests="15" skipped="0" failures="0" errors="0" timestamp="2019-12-09T02:19:30" hostname="DESKTOP-246NTI5" time="0.23">
  <properties/>
  <testcase name="testSecuritySanity()" classname="org.springframework.beans.factory.support.security.CallbacksSecurityTests" time="0.042"/>
  <testcase name="testSpringDestroyBean()" classname="org.springframework.beans.factory.support.security.CallbacksSecurityTests" time="0.013"/>
  <testcase name="testCustomFactoryType()" classname="org.springframework.beans.factory.support.security.CallbacksSecurityTests" time="0.013"/>
  <testcase name="testTrustedFactoryMethod()" classname="org.springframework.beans.factory.support.security.CallbacksSecurityTests" time="0.021"/>
  <testcase name="testCustomStaticFactoryMethod()" classname="org.springframework.beans.factory.support.security.CallbacksSecurityTests" time="0.009"/>
  <testcase name="testCustomInstanceFactoryMethod()" classname="org.springframework.beans.factory.support.security.CallbacksSecurityTests" time="0.011"/>
  <testcase name="testSpringInitBean()" classname="org.springframework.beans.factory.support.security.CallbacksSecurityTests" time="0.01"/>
  <testcase name="testContainerPrivileges()" classname="org.springframework.beans.factory.support.security.CallbacksSecurityTests" time="0.011"/>
  <testcase name="testPropertyInjection()" classname="org.springframework.beans.factory.support.security.CallbacksSecurityTests" time="0.021"/>
  <testcase name="testCustomFactoryObject()" classname="org.springframework.beans.factory.support.security.CallbacksSecurityTests" time="0.008"/>
  <testcase name="testCustomDestroyBean()" classname="org.springframework.beans.factory.support.security.CallbacksSecurityTests" time="0.011"/>
  <testcase name="testCustomInitBean()" classname="org.springframework.beans.factory.support.security.CallbacksSecurityTests" time="0.011"/>
  <testcase name="testTrustedExecution()" classname="org.springframework.beans.factory.support.security.CallbacksSecurityTests" time="0.026"/>
  <testcase name="testInitSecurityAwarePrototypeBean()" classname="org.springframework.beans.factory.support.security.CallbacksSecurityTests" time="0.01"/>
  <testcase name="testConstructor()" classname="org.springframework.beans.factory.support.security.CallbacksSecurityTests" time="0.01"/>
  <system-out><![CDATA[10:19:30.401 [Test worker] WARN  o.s.b.f.s.DisposableBeanAdapter - Invocation of destroy method failed on bean with name 'spring-destroy': java.security.AccessControlException: access denied ("java.util.PropertyPermission" "security.destroy" "write")
10:19:30.518 [Test worker] WARN  o.s.b.f.s.DisposableBeanAdapter - Destroy method 'destroy' on bean with name 'custom-destroy' threw an exception: java.security.AccessControlException: access denied ("java.util.PropertyPermission" "security.destroy" "write")
]]></system-out>
  <system-err><![CDATA[]]></system-err>
</testsuite>
