<?xml version="1.0" encoding="UTF-8"?>
<testsuite name="org.springframework.beans.factory.FactoryBeanLookupTests" tests="5" skipped="0" failures="0" errors="0" timestamp="2019-12-09T02:19:29" hostname="DESKTOP-246NTI5" time="0.045">
  <properties/>
  <testcase name="factoryBeanLookupByNameDereferencing()" classname="org.springframework.beans.factory.FactoryBeanLookupTests" time="0.011"/>
  <testcase name="factoryBeanLookupByType()" classname="org.springframework.beans.factory.FactoryBeanLookupTests" time="0.008"/>
  <testcase name="factoryBeanObjectLookupByName()" classname="org.springframework.beans.factory.FactoryBeanLookupTests" time="0.007"/>
  <testcase name="factoryBeanObjectLookupByNameAndType()" classname="org.springframework.beans.factory.FactoryBeanLookupTests" time="0.007"/>
  <testcase name="factoryBeanLookupByTypeAndNameDereference()" classname="org.springframework.beans.factory.FactoryBeanLookupTests" time="0.008"/>
  <system-out><![CDATA[]]></system-out>
  <system-err><![CDATA[]]></system-err>
</testsuite>
