<?xml version="1.0" encoding="UTF-8"?>
<testsuite name="org.springframework.beans.factory.config.SimpleScopeTests" tests="1" skipped="0" failures="0" errors="0" timestamp="2019-12-09T02:19:29" hostname="DESKTOP-246NTI5" time="0.01">
  <properties/>
  <testcase name="testCanGetScopedObject()" classname="org.springframework.beans.factory.config.SimpleScopeTests" time="0.01"/>
  <system-out><![CDATA[]]></system-out>
  <system-err><![CDATA[]]></system-err>
</testsuite>
