<?xml version="1.0" encoding="UTF-8"?>
<testsuite name="org.springframework.beans.factory.xml.ProfileXmlBeanDefinitionTests" tests="4" skipped="0" failures="0" errors="0" timestamp="2019-12-09T02:19:31" hostname="DESKTOP-246NTI5" time="0.324">
  <properties/>
  <testcase name="testDefaultAndNonDefaultProfile()" classname="org.springframework.beans.factory.xml.ProfileXmlBeanDefinitionTests" time="0.047"/>
  <testcase name="testDefaultProfile()" classname="org.springframework.beans.factory.xml.ProfileXmlBeanDefinitionTests" time="0.015"/>
  <testcase name="testProfilePermutations()" classname="org.springframework.beans.factory.xml.ProfileXmlBeanDefinitionTests" time="0.261"/>
  <testcase name="testProfileValidation()" classname="org.springframework.beans.factory.xml.ProfileXmlBeanDefinitionTests" time="0.001"/>
  <system-out><![CDATA[]]></system-out>
  <system-err><![CDATA[]]></system-err>
</testsuite>
