<?xml version="1.0" encoding="UTF-8"?>
<testsuite name="org.springframework.beans.propertyeditors.ByteArrayPropertyEditorTests" tests="2" skipped="0" failures="0" errors="0" timestamp="2019-12-09T02:19:33" hostname="DESKTOP-246NTI5" time="0.001">
  <properties/>
  <testcase name="getAsTextReturnsEmptyStringIfValueIsNull()" classname="org.springframework.beans.propertyeditors.ByteArrayPropertyEditorTests" time="0.0"/>
  <testcase name="sunnyDaySetAsText()" classname="org.springframework.beans.propertyeditors.ByteArrayPropertyEditorTests" time="0.001"/>
  <system-out><![CDATA[]]></system-out>
  <system-err><![CDATA[]]></system-err>
</testsuite>
