<?xml version="1.0" encoding="UTF-8"?>
<testsuite name="org.springframework.beans.factory.xml.DefaultLifecycleMethodsTests" tests="6" skipped="0" failures="0" errors="0" timestamp="2019-12-09T02:19:31" hostname="DESKTOP-246NTI5" time="0.065">
  <properties/>
  <testcase name="childWithLifecycleMethodsDisabled()" classname="org.springframework.beans.factory.xml.DefaultLifecycleMethodsTests" time="0.017"/>
  <testcase name="lifecycleMethodsDisabled()" classname="org.springframework.beans.factory.xml.DefaultLifecycleMethodsTests" time="0.004"/>
  <testcase name="overrideDefaultLifecycleMethods()" classname="org.springframework.beans.factory.xml.DefaultLifecycleMethodsTests" time="0.004"/>
  <testcase name="childWithDefaultLifecycleMethods()" classname="org.springframework.beans.factory.xml.DefaultLifecycleMethodsTests" time="0.004"/>
  <testcase name="ignoreDefaultLifecycleMethods()" classname="org.springframework.beans.factory.xml.DefaultLifecycleMethodsTests" time="0.029"/>
  <testcase name="lifecycleMethodsInvoked()" classname="org.springframework.beans.factory.xml.DefaultLifecycleMethodsTests" time="0.005"/>
  <system-out><![CDATA[]]></system-out>
  <system-err><![CDATA[]]></system-err>
</testsuite>
