<?xml version="1.0" encoding="UTF-8"?>
<testsuite name="org.springframework.beans.factory.parsing.CustomProblemReporterTests" tests="1" skipped="0" failures="0" errors="0" timestamp="2019-12-09T02:19:30" hostname="DESKTOP-246NTI5" time="0.023">
  <properties/>
  <testcase name="testErrorsAreCollated()" classname="org.springframework.beans.factory.parsing.CustomProblemReporterTests" time="0.023"/>
  <system-out><![CDATA[]]></system-out>
  <system-err><![CDATA[]]></system-err>
</testsuite>
