<?xml version="1.0" encoding="UTF-8"?>
<testsuite name="org.springframework.beans.propertyeditors.InputStreamEditorTests" tests="4" skipped="0" failures="0" errors="0" timestamp="2019-12-09T02:19:33" hostname="DESKTOP-246NTI5" time="0.007">
  <properties/>
  <testcase name="testSunnyDay()" classname="org.springframework.beans.propertyeditors.InputStreamEditorTests" time="0.001"/>
  <testcase name="testWhenResourceDoesNotExist()" classname="org.springframework.beans.propertyeditors.InputStreamEditorTests" time="0.003"/>
  <testcase name="testCtorWithNullResourceEditor()" classname="org.springframework.beans.propertyeditors.InputStreamEditorTests" time="0.0"/>
  <testcase name="testGetAsTextReturnsNullByDefault()" classname="org.springframework.beans.propertyeditors.InputStreamEditorTests" time="0.001"/>
  <system-out><![CDATA[]]></system-out>
  <system-err><![CDATA[]]></system-err>
</testsuite>
