<?xml version="1.0" encoding="UTF-8"?>
<testsuite name="org.springframework.beans.factory.config.DeprecatedBeanWarnerTests" tests="1" skipped="0" failures="0" errors="0" timestamp="2019-12-09T02:19:28" hostname="DESKTOP-246NTI5" time="0.001">
  <properties/>
  <testcase name="postProcess()" classname="org.springframework.beans.factory.config.DeprecatedBeanWarnerTests" time="0.001"/>
  <system-out><![CDATA[]]></system-out>
  <system-err><![CDATA[]]></system-err>
</testsuite>
