<?xml version="1.0" encoding="UTF-8"?>
<testsuite name="org.springframework.beans.propertyeditors.PropertiesEditorTests" tests="10" skipped="0" failures="0" errors="0" timestamp="2019-12-09T02:19:33" hostname="DESKTOP-246NTI5" time="0.002">
  <properties/>
  <testcase name="handlesEmptyPropertyWithoutEquals()" classname="org.springframework.beans.propertyeditors.PropertiesEditorTests" time="0.0"/>
  <testcase name="oneProperty()" classname="org.springframework.beans.propertyeditors.PropertiesEditorTests" time="0.0"/>
  <testcase name="usingMapAsValueSource()" classname="org.springframework.beans.propertyeditors.PropertiesEditorTests" time="0.0"/>
  <testcase name="ignoresLeadingSpacesAndTabs()" classname="org.springframework.beans.propertyeditors.PropertiesEditorTests" time="0.0"/>
  <testcase name="ignoresCommentLinesAndEmptyLines()" classname="org.springframework.beans.propertyeditors.PropertiesEditorTests" time="0.0"/>
  <testcase name="nullValue()" classname="org.springframework.beans.propertyeditors.PropertiesEditorTests" time="0.0"/>
  <testcase name="emptyString()" classname="org.springframework.beans.propertyeditors.PropertiesEditorTests" time="0.0"/>
  <testcase name="handlesEmptyProperty()" classname="org.springframework.beans.propertyeditors.PropertiesEditorTests" time="0.0"/>
  <testcase name="handlesEqualsInValue()" classname="org.springframework.beans.propertyeditors.PropertiesEditorTests" time="0.0"/>
  <testcase name="twoProperties()" classname="org.springframework.beans.propertyeditors.PropertiesEditorTests" time="0.0"/>
  <system-out><![CDATA[]]></system-out>
  <system-err><![CDATA[]]></system-err>
</testsuite>
