<?xml version="1.0" encoding="UTF-8"?>
<testsuite name="org.springframework.beans.factory.xml.NestedBeansElementTests" tests="2" skipped="0" failures="0" errors="0" timestamp="2019-12-09T02:19:31" hostname="DESKTOP-246NTI5" time="0.019">
  <properties/>
  <testcase name="getBean_withActiveProfile()" classname="org.springframework.beans.factory.xml.NestedBeansElementTests" time="0.011"/>
  <testcase name="getBean_withoutActiveProfile()" classname="org.springframework.beans.factory.xml.NestedBeansElementTests" time="0.008"/>
  <system-out><![CDATA[]]></system-out>
  <system-err><![CDATA[]]></system-err>
</testsuite>
