<?xml version="1.0" encoding="UTF-8"?>
<testsuite name="org.springframework.beans.ConcurrentBeanWrapperTests" tests="2" skipped="0" failures="0" errors="0" timestamp="2019-12-09T02:19:19" hostname="DESKTOP-246NTI5" time="0.364">
  <properties/>
  <testcase name="testSingleThread()" classname="org.springframework.beans.ConcurrentBeanWrapperTests" time="0.147"/>
  <testcase name="testConcurrent()" classname="org.springframework.beans.ConcurrentBeanWrapperTests" time="0.217"/>
  <system-out><![CDATA[]]></system-out>
  <system-err><![CDATA[]]></system-err>
</testsuite>
