<?xml version="1.0" encoding="UTF-8"?>
<testsuite name="org.springframework.context.annotation.aspectj.AnnotationBeanConfigurerTests" tests="1" skipped="0" failures="0" errors="0" timestamp="2019-12-09T02:25:54" hostname="DESKTOP-246NTI5" time="0.024">
  <properties/>
  <testcase name="injection()" classname="org.springframework.context.annotation.aspectj.AnnotationBeanConfigurerTests" time="0.024"/>
  <system-out><![CDATA[]]></system-out>
  <system-err><![CDATA[]]></system-err>
</testsuite>
