<?xml version="1.0" encoding="UTF-8"?>
<testsuite name="org.springframework.beans.factory.aspectj.XmlBeanConfigurerTests" tests="1" skipped="0" failures="0" errors="0" timestamp="2019-12-09T02:25:43" hostname="DESKTOP-246NTI5" time="0.601">
  <properties/>
  <testcase name="injection()" classname="org.springframework.beans.factory.aspectj.XmlBeanConfigurerTests" time="0.601"/>
  <system-out><![CDATA[]]></system-out>
  <system-err><![CDATA[]]></system-err>
</testsuite>
