<?xml version="1.0" encoding="UTF-8"?>
<testsuite name="org.springframework.cache.aspectj.AspectJEnableCachingIsolatedTests" tests="9" skipped="1" failures="0" errors="0" timestamp="2019-12-09T02:25:46" hostname="DESKTOP-246NTI5" time="0.776">
  <properties/>
  <testcase name="multipleCacheManagerBeans_implementsCachingConfigurer()" classname="org.springframework.cache.aspectj.AspectJEnableCachingIsolatedTests" time="0.571"/>
  <testcase name="bothSetOnlyResolverIsUsed()" classname="org.springframework.cache.aspectj.AspectJEnableCachingIsolatedTests" time="0.029"/>
  <testcase name="emptyConfigSupport()" classname="org.springframework.cache.aspectj.AspectJEnableCachingIsolatedTests" time="0.001">
    <skipped/>
  </testcase>
  <testcase name="testKeyStrategy()" classname="org.springframework.cache.aspectj.AspectJEnableCachingIsolatedTests" time="0.036"/>
  <testcase name="testCacheErrorHandler()" classname="org.springframework.cache.aspectj.AspectJEnableCachingIsolatedTests" time="0.028"/>
  <testcase name="multipleCacheManagerBeans()" classname="org.springframework.cache.aspectj.AspectJEnableCachingIsolatedTests" time="0.039"/>
  <testcase name="multipleCachingConfigurers()" classname="org.springframework.cache.aspectj.AspectJEnableCachingIsolatedTests" time="0.019"/>
  <testcase name="noCacheManagerBeans()" classname="org.springframework.cache.aspectj.AspectJEnableCachingIsolatedTests" time="0.02"/>
  <testcase name="singleCacheManagerBean()" classname="org.springframework.cache.aspectj.AspectJEnableCachingIsolatedTests" time="0.026"/>
  <system-out><![CDATA[]]></system-out>
  <system-err><![CDATA[]]></system-err>
</testsuite>
