<?xml version="1.0" encoding="UTF-8"?>
<testsuite name="org.springframework.expression.spel.StandardTypeLocatorTests" tests="1" skipped="0" failures="0" errors="0" timestamp="2019-12-09T02:21:51" hostname="DESKTOP-246NTI5" time="0.003">
  <properties/>
  <testcase name="testImports()" classname="org.springframework.expression.spel.StandardTypeLocatorTests" time="0.003"/>
  <system-out><![CDATA[]]></system-out>
  <system-err><![CDATA[]]></system-err>
</testsuite>
