<?xml version="1.0" encoding="UTF-8"?>
<testsuite name="org.springframework.aop.aspectj.annotation.ArgumentBindingTests" tests="3" skipped="0" failures="0" errors="0" timestamp="2019-12-09T02:26:28" hostname="DESKTOP-246NTI5" time="3.461">
  <properties/>
  <testcase name="testAnnotationArgumentNameBinding()" classname="org.springframework.aop.aspectj.annotation.ArgumentBindingTests" time="3.416"/>
  <testcase name="testParameterNameDiscoverWithReferencePointcut()" classname="org.springframework.aop.aspectj.annotation.ArgumentBindingTests" time="0.014"/>
  <testcase name="testBindingInPointcutUsedByAdvice()" classname="org.springframework.aop.aspectj.annotation.ArgumentBindingTests" time="0.03"/>
  <system-out><![CDATA[Invoked with transaction @org.springframework.aop.aspectj.annotation.Transactional()
got 'Supercalifragalisticexpialidocious' at 'execution(void org.springframework.tests.sample.beans.ITestBean.setName(String))'
]]></system-out>
  <system-err><![CDATA[]]></system-err>
</testsuite>
