<?xml version="1.0" encoding="UTF-8"?>
<testsuite name="org.springframework.aop.target.CommonsPool2TargetSourceProxyTests" tests="1" skipped="0" failures="0" errors="0" timestamp="2019-12-09T02:26:36" hostname="DESKTOP-246NTI5" time="0.038">
  <properties/>
  <testcase name="testProxy()" classname="org.springframework.aop.target.CommonsPool2TargetSourceProxyTests" time="0.038"/>
  <system-out><![CDATA[]]></system-out>
  <system-err><![CDATA[]]></system-err>
</testsuite>
