<?xml version="1.0" encoding="UTF-8"?>
<testsuite name="org.springframework.aop.target.HotSwappableTargetSourceTests" tests="4" skipped="0" failures="0" errors="0" timestamp="2019-12-09T02:26:36" hostname="DESKTOP-246NTI5" time="0.085">
  <properties/>
  <testcase name="testRejectsSwapToNull()" classname="org.springframework.aop.target.HotSwappableTargetSourceTests" time="0.054"/>
  <testcase name="testBasicFunctionality()" classname="org.springframework.aop.target.HotSwappableTargetSourceTests" time="0.011"/>
  <testcase name="testSerialization()" classname="org.springframework.aop.target.HotSwappableTargetSourceTests" time="0.01"/>
  <testcase name="testValidSwaps()" classname="org.springframework.aop.target.HotSwappableTargetSourceTests" time="0.009"/>
  <system-out><![CDATA[]]></system-out>
  <system-err><![CDATA[]]></system-err>
</testsuite>
