<?xml version="1.0" encoding="UTF-8"?>
<testsuite name="org.springframework.aop.aspectj.annotation.ReflectiveAspectJAdvisorFactoryTests" tests="25" skipped="1" failures="0" errors="0" timestamp="2019-12-09T02:26:32" hostname="DESKTOP-246NTI5" time="0.693">
  <properties/>
  <testcase name="testNamedPointcutAspectWithFQN()" classname="org.springframework.aop.aspectj.annotation.ReflectiveAspectJAdvisorFactoryTests" time="0.009"/>
  <testcase name="testRejectsPerCflowAspect()" classname="org.springframework.aop.aspectj.annotation.ReflectiveAspectJAdvisorFactoryTests" time="0.001"/>
  <testcase name="testBindingWithMultipleArgsDifferentlyOrdered()" classname="org.springframework.aop.aspectj.annotation.ReflectiveAspectJAdvisorFactoryTests" time="0.317"/>
  <testcase name="testNamedPointcutAspectWithoutFQN()" classname="org.springframework.aop.aspectj.annotation.ReflectiveAspectJAdvisorFactoryTests" time="0.002"/>
  <testcase name="testAspectMethodThrowsExceptionLegalOnSignature()" classname="org.springframework.aop.aspectj.annotation.ReflectiveAspectJAdvisorFactoryTests" time="0.004"/>
  <testcase name="testBindingWithSingleArg()" classname="org.springframework.aop.aspectj.annotation.ReflectiveAspectJAdvisorFactoryTests" time="0.002"/>
  <testcase name="testDeclarePrecedenceNotSupported()" classname="org.springframework.aop.aspectj.annotation.ReflectiveAspectJAdvisorFactoryTests" time="0.003"/>
  <testcase name="testNamedPointcutFromAspectLibraryWithBinding()" classname="org.springframework.aop.aspectj.annotation.ReflectiveAspectJAdvisorFactoryTests" time="0.006"/>
  <testcase name="testIntroductionOnTargetImplementingInterface()" classname="org.springframework.aop.aspectj.annotation.ReflectiveAspectJAdvisorFactoryTests" time="0.032"/>
  <testcase name="testPerTypeWithinAspect()" classname="org.springframework.aop.aspectj.annotation.ReflectiveAspectJAdvisorFactoryTests" time="0.066"/>
  <testcase name="testIntroductionBasedOnAnnotationMatch_SPR5307()" classname="org.springframework.aop.aspectj.annotation.ReflectiveAspectJAdvisorFactoryTests" time="0.011"/>
  <testcase name="testIntroductionOnTargetExcludedByTypePattern()" classname="org.springframework.aop.aspectj.annotation.ReflectiveAspectJAdvisorFactoryTests" time="0.009"/>
  <testcase name="testNamedPointcutFromAspectLibrary()" classname="org.springframework.aop.aspectj.annotation.ReflectiveAspectJAdvisorFactoryTests" time="0.007"/>
  <testcase name="testIntroductionWithArgumentBinding()" classname="org.springframework.aop.aspectj.annotation.ReflectiveAspectJAdvisorFactoryTests" time="0.001">
    <skipped/>
  </testcase>
  <testcase name="testIntroductionOnTargetNotImplementingInterface()" classname="org.springframework.aop.aspectj.annotation.ReflectiveAspectJAdvisorFactoryTests" time="0.017"/>
  <testcase name="testMultiplePerTargetAspectsWithOrderAnnotation()" classname="org.springframework.aop.aspectj.annotation.ReflectiveAspectJAdvisorFactoryTests" time="0.063"/>
  <testcase name="testRejectsPerCflowBelowAspect()" classname="org.springframework.aop.aspectj.annotation.ReflectiveAspectJAdvisorFactoryTests" time="0.001"/>
  <testcase name="testAfterAdviceTypes()" classname="org.springframework.aop.aspectj.annotation.ReflectiveAspectJAdvisorFactoryTests" time="0.017"/>
  <testcase name="testFailureWithoutExplicitDeclarePrecedence()" classname="org.springframework.aop.aspectj.annotation.ReflectiveAspectJAdvisorFactoryTests" time="0.003"/>
  <testcase name="testPerThisAspect()" classname="org.springframework.aop.aspectj.annotation.ReflectiveAspectJAdvisorFactoryTests" time="0.031"/>
  <testcase name="testIntroductionAdvisorExcludedFromTargetImplementingInterface()" classname="org.springframework.aop.aspectj.annotation.ReflectiveAspectJAdvisorFactoryTests" time="0.004"/>
  <testcase name="testTwoAdvicesOnOneAspect()" classname="org.springframework.aop.aspectj.annotation.ReflectiveAspectJAdvisorFactoryTests" time="0.015"/>
  <testcase name="testPerTargetAspect()" classname="org.springframework.aop.aspectj.annotation.ReflectiveAspectJAdvisorFactoryTests" time="0.027"/>
  <testcase name="testAspectMethodThrowsExceptionIllegalOnSignature()" classname="org.springframework.aop.aspectj.annotation.ReflectiveAspectJAdvisorFactoryTests" time="0.002"/>
  <testcase name="testMultiplePerTargetAspects()" classname="org.springframework.aop.aspectj.annotation.ReflectiveAspectJAdvisorFactoryTests" time="0.029"/>
  <system-out><![CDATA[org.springframework.aop.aspectj.DeclareParentsAdvisor@3a7fb791
]]></system-out>
  <system-err><![CDATA[]]></system-err>
</testsuite>
