<?xml version="1.0" encoding="UTF-8"?>
<testsuite name="org.springframework.aop.framework.PrototypeTargetTests" tests="2" skipped="0" failures="0" errors="0" timestamp="2019-12-09T02:26:34" hostname="DESKTOP-246NTI5" time="0.263">
  <properties/>
  <testcase name="testSingletonProxyWithPrototypeTarget()" classname="org.springframework.aop.framework.PrototypeTargetTests" time="0.256"/>
  <testcase name="testPrototypeProxyWithPrototypeTarget()" classname="org.springframework.aop.framework.PrototypeTargetTests" time="0.007"/>
  <system-out><![CDATA[]]></system-out>
  <system-err><![CDATA[]]></system-err>
</testsuite>
