<?xml version="1.0" encoding="UTF-8"?>
<testsuite name="org.springframework.aop.config.AopNamespaceHandlerPointcutErrorTests" tests="2" skipped="0" failures="0" errors="0" timestamp="2019-12-09T02:26:33" hostname="DESKTOP-246NTI5" time="0.044">
  <properties/>
  <testcase name="testMissingPointcutConfig()" classname="org.springframework.aop.config.AopNamespaceHandlerPointcutErrorTests" time="0.024"/>
  <testcase name="testDuplicatePointcutConfig()" classname="org.springframework.aop.config.AopNamespaceHandlerPointcutErrorTests" time="0.02"/>
  <system-out><![CDATA[]]></system-out>
  <system-err><![CDATA[]]></system-err>
</testsuite>
