<?xml version="1.0" encoding="UTF-8"?>
<testsuite name="org.springframework.aop.interceptor.SimpleTraceInterceptorTests" tests="2" skipped="0" failures="0" errors="0" timestamp="2019-12-09T02:26:35" hostname="DESKTOP-246NTI5" time="0.008">
  <properties/>
  <testcase name="testExceptionPathStillLogsCorrectly()" classname="org.springframework.aop.interceptor.SimpleTraceInterceptorTests" time="0.004"/>
  <testcase name="testSunnyDayPathLogsCorrectly()" classname="org.springframework.aop.interceptor.SimpleTraceInterceptorTests" time="0.003"/>
  <system-out><![CDATA[]]></system-out>
  <system-err><![CDATA[]]></system-err>
</testsuite>
