<?xml version="1.0" encoding="UTF-8"?>
<testsuite name="org.springframework.aop.support.RegexpMethodPointcutAdvisorIntegrationTests" tests="3" skipped="0" failures="0" errors="0" timestamp="2019-12-09T02:26:35" hostname="DESKTOP-246NTI5" time="0.135">
  <properties/>
  <testcase name="testSerialization()" classname="org.springframework.aop.support.RegexpMethodPointcutAdvisorIntegrationTests" time="0.092"/>
  <testcase name="testSinglePattern()" classname="org.springframework.aop.support.RegexpMethodPointcutAdvisorIntegrationTests" time="0.021"/>
  <testcase name="testMultiplePatterns()" classname="org.springframework.aop.support.RegexpMethodPointcutAdvisorIntegrationTests" time="0.021"/>
  <system-out><![CDATA[]]></system-out>
  <system-err><![CDATA[]]></system-err>
</testsuite>
