<?xml version="1.0" encoding="UTF-8"?>
<testsuite name="org.springframework.aop.target.PrototypeBasedTargetSourceTests" tests="1" skipped="0" failures="0" errors="0" timestamp="2019-12-09T02:26:36" hostname="DESKTOP-246NTI5" time="0.004">
  <properties/>
  <testcase name="testSerializability()" classname="org.springframework.aop.target.PrototypeBasedTargetSourceTests" time="0.004"/>
  <system-out><![CDATA[]]></system-out>
  <system-err><![CDATA[]]></system-err>
</testsuite>
