<?xml version="1.0" encoding="UTF-8"?>
<testsuite name="org.springframework.aop.aspectj.BeanNamePointcutMatchingTests" tests="2" skipped="0" failures="0" errors="0" timestamp="2019-12-09T02:26:33" hostname="DESKTOP-246NTI5" time="0.022">
  <properties/>
  <testcase name="testNonMatchingPointcuts()" classname="org.springframework.aop.aspectj.BeanNamePointcutMatchingTests" time="0.019"/>
  <testcase name="testMatchingPointcuts()" classname="org.springframework.aop.aspectj.BeanNamePointcutMatchingTests" time="0.003"/>
  <system-out><![CDATA[]]></system-out>
  <system-err><![CDATA[]]></system-err>
</testsuite>
