<?xml version="1.0" encoding="UTF-8"?>
<testsuite name="org.springframework.aop.config.AopNamespaceHandlerEventTests" tests="4" skipped="0" failures="0" errors="0" timestamp="2019-12-09T02:26:33" hostname="DESKTOP-246NTI5" time="0.293">
  <properties/>
  <testcase name="testPointcutEvents()" classname="org.springframework.aop.config.AopNamespaceHandlerEventTests" time="0.178"/>
  <testcase name="testAdvisorEventsWithDirectPointcut()" classname="org.springframework.aop.config.AopNamespaceHandlerEventTests" time="0.053"/>
  <testcase name="testAspectEvent()" classname="org.springframework.aop.config.AopNamespaceHandlerEventTests" time="0.043"/>
  <testcase name="testAdvisorEventsWithPointcutRef()" classname="org.springframework.aop.config.AopNamespaceHandlerEventTests" time="0.018"/>
  <system-out><![CDATA[]]></system-out>
  <system-err><![CDATA[]]></system-err>
</testsuite>
