<?xml version="1.0" encoding="UTF-8"?>
<testsuite name="org.springframework.aop.interceptor.CustomizableTraceInterceptorTests" tests="11" skipped="0" failures="0" errors="0" timestamp="2019-12-09T02:26:35" hostname="DESKTOP-246NTI5" time="0.124">
  <properties/>
  <testcase name="testSunnyDayPathLogsCorrectlyWithPrettyMuchAllPlaceholdersMatching()" classname="org.springframework.aop.interceptor.CustomizableTraceInterceptorTests" time="0.113"/>
  <testcase name="testSetEmptyExceptionMessage()" classname="org.springframework.aop.interceptor.CustomizableTraceInterceptorTests" time="0.0"/>
  <testcase name="testSetExitMessageWithExceptionPlaceholder()" classname="org.springframework.aop.interceptor.CustomizableTraceInterceptorTests" time="0.0"/>
  <testcase name="testSetEmptyExitMessage()" classname="org.springframework.aop.interceptor.CustomizableTraceInterceptorTests" time="0.001"/>
  <testcase name="testSetEnterMessageWithInvocationTimePlaceholder()" classname="org.springframework.aop.interceptor.CustomizableTraceInterceptorTests" time="0.001"/>
  <testcase name="testSetExceptionMethodWithReturnValuePlaceholder()" classname="org.springframework.aop.interceptor.CustomizableTraceInterceptorTests" time="0.0"/>
  <testcase name="testSetEnterMessageWithReturnValuePlaceholder()" classname="org.springframework.aop.interceptor.CustomizableTraceInterceptorTests" time="0.0"/>
  <testcase name="testSetEmptyEnterMessage()" classname="org.springframework.aop.interceptor.CustomizableTraceInterceptorTests" time="0.0"/>
  <testcase name="testExceptionPathLogsCorrectly()" classname="org.springframework.aop.interceptor.CustomizableTraceInterceptorTests" time="0.003"/>
  <testcase name="testSetEnterMessageWithExceptionPlaceholder()" classname="org.springframework.aop.interceptor.CustomizableTraceInterceptorTests" time="0.001"/>
  <testcase name="testSunnyDayPathLogsCorrectly()" classname="org.springframework.aop.interceptor.CustomizableTraceInterceptorTests" time="0.001"/>
  <system-out><![CDATA[]]></system-out>
  <system-err><![CDATA[]]></system-err>
</testsuite>
