<?xml version="1.0" encoding="UTF-8"?>
<testsuite name="org.springframework.aop.aspectj.annotation.AspectProxyFactoryTests" tests="9" skipped="0" failures="0" errors="0" timestamp="2019-12-09T02:26:31" hostname="DESKTOP-246NTI5" time="0.091">
  <properties/>
  <testcase name="testWithNonAspect()" classname="org.springframework.aop.aspectj.annotation.AspectProxyFactoryTests" time="0.001"/>
  <testcase name="testUnproxiedVarargsWithEnumArray()" classname="org.springframework.aop.aspectj.annotation.AspectProxyFactoryTests" time="0.005"/>
  <testcase name="testWithInstance()" classname="org.springframework.aop.aspectj.annotation.AspectProxyFactoryTests" time="0.035"/>
  <testcase name="testWithPerThisAspect()" classname="org.springframework.aop.aspectj.annotation.AspectProxyFactoryTests" time="0.031"/>
  <testcase name="testWithInstanceWithNonAspect()" classname="org.springframework.aop.aspectj.annotation.AspectProxyFactoryTests" time="0.001"/>
  <testcase name="testWithNonSingletonAspectInstance()" classname="org.springframework.aop.aspectj.annotation.AspectProxyFactoryTests" time="0.001"/>
  <testcase name="testWithSimpleAspect()" classname="org.springframework.aop.aspectj.annotation.AspectProxyFactoryTests" time="0.002"/>
  <testcase name="testProxiedVarargsWithEnumArray()" classname="org.springframework.aop.aspectj.annotation.AspectProxyFactoryTests" time="0.003"/>
  <testcase name="testSerializable()" classname="org.springframework.aop.aspectj.annotation.AspectProxyFactoryTests" time="0.008"/>
  <system-out><![CDATA[]]></system-out>
  <system-err><![CDATA[]]></system-err>
</testsuite>
